2023-09-18 22:58:53.538 febs [main] INFO  cc.mrbird.febs.FebsApplication - Starting FebsApplication on WIN-KJDA35RA4FP with PID 2336 (started by Administrator in G:\Project\工地安全预警管理系统的设计与实现\construction_cos\backend)
2023-09-18 22:58:53.542 febs [main] INFO  cc.mrbird.febs.FebsApplication - No active profile set, falling back to default profiles: default
2023-09-18 22:58:55.045 febs [main] INFO  o.s.d.r.c.RepositoryConfigurationDelegate - Multiple Spring Data modules found, entering strict repository configuration mode!
2023-09-18 22:58:55.048 febs [main] INFO  o.s.d.r.c.RepositoryConfigurationDelegate - Bootstrapping Spring Data repositories in DEFAULT mode.
2023-09-18 22:58:55.113 febs [main] INFO  o.s.d.r.c.RepositoryConfigurationDelegate - Finished Spring Data repository scanning in 50ms. Found 0 repository interfaces.
2023-09-18 22:58:55.495 febs [main] INFO  o.s.c.s.PostProcessorRegistrationDelegate$BeanPostProcessorChecker - Bean 'asyncExecutorPoolConfig' of type [cc.mrbird.febs.common.config.AsyncExecutorPoolConfig$$EnhancerBySpringCGLIB$$4ff7bb59] is not eligible for getting processed by all BeanPostProcessors (for example: not eligible for auto-proxying)
2023-09-18 22:58:55.645 febs [main] INFO  o.s.c.s.PostProcessorRegistrationDelegate$BeanPostProcessorChecker - Bean 'spring.datasource.dynamic-com.baomidou.dynamic.datasource.spring.boot.autoconfigure.DynamicDataSourceProperties' of type [com.baomidou.dynamic.datasource.spring.boot.autoconfigure.DynamicDataSourceProperties] is not eligible for getting processed by all BeanPostProcessors (for example: not eligible for auto-proxying)
2023-09-18 22:58:55.754 febs [main] INFO  o.s.c.s.PostProcessorRegistrationDelegate$BeanPostProcessorChecker - Bean 'com.baomidou.dynamic.datasource.spring.boot.autoconfigure.DynamicDataSourceAutoConfiguration' of type [com.baomidou.dynamic.datasource.spring.boot.autoconfigure.DynamicDataSourceAutoConfiguration$$EnhancerBySpringCGLIB$$2a4706fd] is not eligible for getting processed by all BeanPostProcessors (for example: not eligible for auto-proxying)
2023-09-18 22:58:55.764 febs [main] INFO  o.s.c.s.PostProcessorRegistrationDelegate$BeanPostProcessorChecker - Bean 'dsProcessor' of type [com.baomidou.dynamic.datasource.processor.DsHeaderProcessor] is not eligible for getting processed by all BeanPostProcessors (for example: not eligible for auto-proxying)
2023-09-18 22:58:55.767 febs [main] INFO  o.s.c.s.PostProcessorRegistrationDelegate$BeanPostProcessorChecker - Bean 'dynamicDatasourceAnnotationAdvisor' of type [com.baomidou.dynamic.datasource.aop.DynamicDataSourceAnnotationAdvisor] is not eligible for getting processed by all BeanPostProcessors (for example: not eligible for auto-proxying)
2023-09-18 22:58:55.779 febs [main] INFO  o.s.c.s.PostProcessorRegistrationDelegate$BeanPostProcessorChecker - Bean 'org.springframework.transaction.annotation.ProxyTransactionManagementConfiguration' of type [org.springframework.transaction.annotation.ProxyTransactionManagementConfiguration$$EnhancerBySpringCGLIB$$c0b8962c] is not eligible for getting processed by all BeanPostProcessors (for example: not eligible for auto-proxying)
2023-09-18 22:58:55.797 febs [main] INFO  o.s.c.s.PostProcessorRegistrationDelegate$BeanPostProcessorChecker - Bean 'shiroConfig' of type [cc.mrbird.febs.common.authentication.ShiroConfig$$EnhancerBySpringCGLIB$$2c3897d5] is not eligible for getting processed by all BeanPostProcessors (for example: not eligible for auto-proxying)
2023-09-18 22:58:56.148 febs [main] INFO  o.s.c.s.PostProcessorRegistrationDelegate$BeanPostProcessorChecker - Bean 'redisConfig' of type [cc.mrbird.febs.common.config.RedisConfig$$EnhancerBySpringCGLIB$$24fd4f29] is not eligible for getting processed by all BeanPostProcessors (for example: not eligible for auto-proxying)
2023-09-18 22:58:56.170 febs [main] INFO  o.s.c.s.PostProcessorRegistrationDelegate$BeanPostProcessorChecker - Bean 'redisPoolFactory' of type [redis.clients.jedis.JedisPool] is not eligible for getting processed by all BeanPostProcessors (for example: not eligible for auto-proxying)
2023-09-18 22:58:56.174 febs [main] INFO  o.s.c.s.PostProcessorRegistrationDelegate$BeanPostProcessorChecker - Bean 'redisService' of type [cc.mrbird.febs.common.service.impl.RedisServiceImpl] is not eligible for getting processed by all BeanPostProcessors (for example: not eligible for auto-proxying)
2023-09-18 22:58:56.274 febs [main] INFO  o.s.c.s.PostProcessorRegistrationDelegate$BeanPostProcessorChecker - Bean 'mybatis-plus-com.baomidou.mybatisplus.autoconfigure.MybatisPlusProperties' of type [com.baomidou.mybatisplus.autoconfigure.MybatisPlusProperties] is not eligible for getting processed by all BeanPostProcessors (for example: not eligible for auto-proxying)
2023-09-18 22:58:56.281 febs [main] INFO  o.s.c.s.PostProcessorRegistrationDelegate$BeanPostProcessorChecker - Bean 'mybatisPlusConfig' of type [cc.mrbird.febs.common.config.MybatisPlusConfig$$EnhancerBySpringCGLIB$$123ff23b] is not eligible for getting processed by all BeanPostProcessors (for example: not eligible for auto-proxying)
2023-09-18 22:58:56.286 febs [main] INFO  o.s.c.s.PostProcessorRegistrationDelegate$BeanPostProcessorChecker - Bean 'paginationInterceptor' of type [com.baomidou.mybatisplus.extension.plugins.PaginationInterceptor] is not eligible for getting processed by all BeanPostProcessors (for example: not eligible for auto-proxying)
2023-09-18 22:58:56.292 febs [main] INFO  o.s.c.s.PostProcessorRegistrationDelegate$BeanPostProcessorChecker - Bean 'com.baomidou.mybatisplus.autoconfigure.MybatisPlusAutoConfiguration' of type [com.baomidou.mybatisplus.autoconfigure.MybatisPlusAutoConfiguration$$EnhancerBySpringCGLIB$$fe8102c6] is not eligible for getting processed by all BeanPostProcessors (for example: not eligible for auto-proxying)
2023-09-18 22:58:56.301 febs [main] INFO  o.s.c.s.PostProcessorRegistrationDelegate$BeanPostProcessorChecker - Bean 'dynamicDataSourceCreator' of type [com.baomidou.dynamic.datasource.DynamicDataSourceCreator] is not eligible for getting processed by all BeanPostProcessors (for example: not eligible for auto-proxying)
2023-09-18 22:58:56.303 febs [main] INFO  o.s.c.s.PostProcessorRegistrationDelegate$BeanPostProcessorChecker - Bean 'dynamicDataSourceProvider' of type [com.baomidou.dynamic.datasource.provider.YmlDynamicDataSourceProvider] is not eligible for getting processed by all BeanPostProcessors (for example: not eligible for auto-proxying)
2023-09-18 22:58:56.306 febs [main] INFO  c.b.d.d.DynamicRoutingDataSource - 动态数据源-检测到并开启了p6spy
2023-09-18 22:58:56.314 febs [main] INFO  com.zaxxer.hikari.HikariDataSource - primary - Starting...
2023-09-18 22:58:56.551 febs [main] INFO  com.zaxxer.hikari.HikariDataSource - primary - Start completed.
2023-09-18 22:58:56.551 febs [main] INFO  c.b.d.d.DynamicRoutingDataSource - 初始共加载 1 个数据源
2023-09-18 22:58:56.552 febs [main] INFO  c.b.d.d.DynamicRoutingDataSource - 动态数据源-加载 primary 成功
2023-09-18 22:58:56.552 febs [main] INFO  c.b.d.d.DynamicRoutingDataSource - 当前的默认数据源是单数据源，数据源名为 primary
2023-09-18 22:58:56.552 febs [main] INFO  o.s.c.s.PostProcessorRegistrationDelegate$BeanPostProcessorChecker - Bean 'dataSource' of type [com.baomidou.dynamic.datasource.DynamicRoutingDataSource] is not eligible for getting processed by all BeanPostProcessors (for example: not eligible for auto-proxying)
2023-09-18 22:58:56.568 febs [main] INFO  o.s.c.s.PostProcessorRegistrationDelegate$BeanPostProcessorChecker - Bean 'spring.datasource-org.springframework.boot.autoconfigure.jdbc.DataSourceProperties' of type [org.springframework.boot.autoconfigure.jdbc.DataSourceProperties] is not eligible for getting processed by all BeanPostProcessors (for example: not eligible for auto-proxying)
2023-09-18 22:58:56.578 febs [main] INFO  o.s.c.s.PostProcessorRegistrationDelegate$BeanPostProcessorChecker - Bean 'org.springframework.boot.autoconfigure.jdbc.DataSourceInitializerInvoker' of type [org.springframework.boot.autoconfigure.jdbc.DataSourceInitializerInvoker] is not eligible for getting processed by all BeanPostProcessors (for example: not eligible for auto-proxying)
2023-09-18 22:58:57.545 febs [main] INFO  o.s.c.s.PostProcessorRegistrationDelegate$BeanPostProcessorChecker - Bean 'sqlSessionFactory' of type [org.apache.ibatis.session.defaults.DefaultSqlSessionFactory] is not eligible for getting processed by all BeanPostProcessors (for example: not eligible for auto-proxying)
2023-09-18 22:58:57.551 febs [main] INFO  o.s.c.s.PostProcessorRegistrationDelegate$BeanPostProcessorChecker - Bean 'sqlSessionTemplate' of type [org.mybatis.spring.SqlSessionTemplate] is not eligible for getting processed by all BeanPostProcessors (for example: not eligible for auto-proxying)
2023-09-18 22:58:57.555 febs [main] INFO  o.s.c.s.PostProcessorRegistrationDelegate$BeanPostProcessorChecker - Bean 'roleMapper' of type [org.mybatis.spring.mapper.MapperFactoryBean] is not eligible for getting processed by all BeanPostProcessors (for example: not eligible for auto-proxying)
2023-09-18 22:58:57.557 febs [main] INFO  o.s.c.s.PostProcessorRegistrationDelegate$BeanPostProcessorChecker - Bean 'roleMapper' of type [com.sun.proxy.$Proxy108] is not eligible for getting processed by all BeanPostProcessors (for example: not eligible for auto-proxying)
2023-09-18 22:58:57.580 febs [main] INFO  o.s.c.s.PostProcessorRegistrationDelegate$BeanPostProcessorChecker - Bean 'roleMenuMapper' of type [org.mybatis.spring.mapper.MapperFactoryBean] is not eligible for getting processed by all BeanPostProcessors (for example: not eligible for auto-proxying)
2023-09-18 22:58:57.582 febs [main] INFO  o.s.c.s.PostProcessorRegistrationDelegate$BeanPostProcessorChecker - Bean 'roleMenuMapper' of type [com.sun.proxy.$Proxy110] is not eligible for getting processed by all BeanPostProcessors (for example: not eligible for auto-proxying)
2023-09-18 22:58:57.589 febs [main] INFO  o.s.c.s.PostProcessorRegistrationDelegate$BeanPostProcessorChecker - Bean 'userRoleMapper' of type [org.mybatis.spring.mapper.MapperFactoryBean] is not eligible for getting processed by all BeanPostProcessors (for example: not eligible for auto-proxying)
2023-09-18 22:58:57.590 febs [main] INFO  o.s.c.s.PostProcessorRegistrationDelegate$BeanPostProcessorChecker - Bean 'userRoleMapper' of type [com.sun.proxy.$Proxy111] is not eligible for getting processed by all BeanPostProcessors (for example: not eligible for auto-proxying)
2023-09-18 22:58:57.592 febs [main] INFO  o.s.c.s.PostProcessorRegistrationDelegate$BeanPostProcessorChecker - Bean 'userRoleService' of type [cc.mrbird.febs.system.service.impl.UserRoleServiceImpl] is not eligible for getting processed by all BeanPostProcessors (for example: not eligible for auto-proxying)
2023-09-18 22:58:57.636 febs [main] INFO  o.s.c.s.PostProcessorRegistrationDelegate$BeanPostProcessorChecker - Bean 'roleMenuService' of type [cc.mrbird.febs.system.service.impl.RoleMenuServiceImpl] is not eligible for getting processed by all BeanPostProcessors (for example: not eligible for auto-proxying)
2023-09-18 22:58:57.660 febs [main] INFO  o.s.c.s.PostProcessorRegistrationDelegate$BeanPostProcessorChecker - Bean 'roleService' of type [cc.mrbird.febs.system.service.impl.RoleServiceImpl] is not eligible for getting processed by all BeanPostProcessors (for example: not eligible for auto-proxying)
2023-09-18 22:58:57.692 febs [main] INFO  o.s.c.s.PostProcessorRegistrationDelegate$BeanPostProcessorChecker - Bean 'menuMapper' of type [org.mybatis.spring.mapper.MapperFactoryBean] is not eligible for getting processed by all BeanPostProcessors (for example: not eligible for auto-proxying)
2023-09-18 22:58:57.694 febs [main] INFO  o.s.c.s.PostProcessorRegistrationDelegate$BeanPostProcessorChecker - Bean 'menuMapper' of type [com.sun.proxy.$Proxy115] is not eligible for getting processed by all BeanPostProcessors (for example: not eligible for auto-proxying)
2023-09-18 22:58:57.697 febs [main] INFO  o.s.c.s.PostProcessorRegistrationDelegate$BeanPostProcessorChecker - Bean 'menuService' of type [cc.mrbird.febs.system.service.impl.MenuServiceImpl] is not eligible for getting processed by all BeanPostProcessors (for example: not eligible for auto-proxying)
2023-09-18 22:58:57.729 febs [main] INFO  o.s.c.s.PostProcessorRegistrationDelegate$BeanPostProcessorChecker - Bean 'userMapper' of type [org.mybatis.spring.mapper.MapperFactoryBean] is not eligible for getting processed by all BeanPostProcessors (for example: not eligible for auto-proxying)
2023-09-18 22:58:57.731 febs [main] INFO  o.s.c.s.PostProcessorRegistrationDelegate$BeanPostProcessorChecker - Bean 'userMapper' of type [com.sun.proxy.$Proxy117] is not eligible for getting processed by all BeanPostProcessors (for example: not eligible for auto-proxying)
2023-09-18 22:58:57.780 febs [main] INFO  o.s.c.s.PostProcessorRegistrationDelegate$BeanPostProcessorChecker - Bean 'userConfigMapper' of type [org.mybatis.spring.mapper.MapperFactoryBean] is not eligible for getting processed by all BeanPostProcessors (for example: not eligible for auto-proxying)
2023-09-18 22:58:57.782 febs [main] INFO  o.s.c.s.PostProcessorRegistrationDelegate$BeanPostProcessorChecker - Bean 'userConfigMapper' of type [com.sun.proxy.$Proxy118] is not eligible for getting processed by all BeanPostProcessors (for example: not eligible for auto-proxying)
2023-09-18 22:58:57.786 febs [main] INFO  o.s.c.s.PostProcessorRegistrationDelegate$BeanPostProcessorChecker - Bean 'userConfigService' of type [cc.mrbird.febs.system.service.impl.UserConfigServiceImpl] is not eligible for getting processed by all BeanPostProcessors (for example: not eligible for auto-proxying)
2023-09-18 22:58:57.824 febs [main] INFO  o.s.c.s.PostProcessorRegistrationDelegate$BeanPostProcessorChecker - Bean 'userService' of type [cc.mrbird.febs.system.service.impl.UserServiceImpl] is not eligible for getting processed by all BeanPostProcessors (for example: not eligible for auto-proxying)
2023-09-18 22:58:57.861 febs [main] INFO  o.s.c.s.PostProcessorRegistrationDelegate$BeanPostProcessorChecker - Bean 'org.springframework.boot.autoconfigure.jackson.JacksonAutoConfiguration$JacksonObjectMapperConfiguration' of type [org.springframework.boot.autoconfigure.jackson.JacksonAutoConfiguration$JacksonObjectMapperConfiguration$$EnhancerBySpringCGLIB$$1c4c15bd] is not eligible for getting processed by all BeanPostProcessors (for example: not eligible for auto-proxying)
2023-09-18 22:58:57.867 febs [main] INFO  o.s.c.s.PostProcessorRegistrationDelegate$BeanPostProcessorChecker - Bean 'org.springframework.boot.autoconfigure.jackson.JacksonAutoConfiguration$JacksonObjectMapperBuilderConfiguration' of type [org.springframework.boot.autoconfigure.jackson.JacksonAutoConfiguration$JacksonObjectMapperBuilderConfiguration$$EnhancerBySpringCGLIB$$ce98d7d6] is not eligible for getting processed by all BeanPostProcessors (for example: not eligible for auto-proxying)
2023-09-18 22:58:57.871 febs [main] INFO  o.s.c.s.PostProcessorRegistrationDelegate$BeanPostProcessorChecker - Bean 'org.springframework.boot.autoconfigure.jackson.JacksonAutoConfiguration$Jackson2ObjectMapperBuilderCustomizerConfiguration' of type [org.springframework.boot.autoconfigure.jackson.JacksonAutoConfiguration$Jackson2ObjectMapperBuilderCustomizerConfiguration$$EnhancerBySpringCGLIB$$89afbdc5] is not eligible for getting processed by all BeanPostProcessors (for example: not eligible for auto-proxying)
2023-09-18 22:58:57.883 febs [main] INFO  o.s.c.s.PostProcessorRegistrationDelegate$BeanPostProcessorChecker - Bean 'spring.jackson-org.springframework.boot.autoconfigure.jackson.JacksonProperties' of type [org.springframework.boot.autoconfigure.jackson.JacksonProperties] is not eligible for getting processed by all BeanPostProcessors (for example: not eligible for auto-proxying)
2023-09-18 22:58:57.887 febs [main] INFO  o.s.c.s.PostProcessorRegistrationDelegate$BeanPostProcessorChecker - Bean 'standardJacksonObjectMapperBuilderCustomizer' of type [org.springframework.boot.autoconfigure.jackson.JacksonAutoConfiguration$Jackson2ObjectMapperBuilderCustomizerConfiguration$StandardJackson2ObjectMapperBuilderCustomizer] is not eligible for getting processed by all BeanPostProcessors (for example: not eligible for auto-proxying)
2023-09-18 22:58:57.895 febs [main] INFO  o.s.c.s.PostProcessorRegistrationDelegate$BeanPostProcessorChecker - Bean 'org.springframework.boot.autoconfigure.jackson.JacksonAutoConfiguration$ParameterNamesModuleConfiguration' of type [org.springframework.boot.autoconfigure.jackson.JacksonAutoConfiguration$ParameterNamesModuleConfiguration$$EnhancerBySpringCGLIB$$b07b34f3] is not eligible for getting processed by all BeanPostProcessors (for example: not eligible for auto-proxying)
2023-09-18 22:58:57.904 febs [main] INFO  o.s.c.s.PostProcessorRegistrationDelegate$BeanPostProcessorChecker - Bean 'parameterNamesModule' of type [com.fasterxml.jackson.module.paramnames.ParameterNamesModule] is not eligible for getting processed by all BeanPostProcessors (for example: not eligible for auto-proxying)
2023-09-18 22:58:57.908 febs [main] INFO  o.s.c.s.PostProcessorRegistrationDelegate$BeanPostProcessorChecker - Bean 'org.springframework.boot.autoconfigure.jackson.JacksonAutoConfiguration' of type [org.springframework.boot.autoconfigure.jackson.JacksonAutoConfiguration$$EnhancerBySpringCGLIB$$fe57b34c] is not eligible for getting processed by all BeanPostProcessors (for example: not eligible for auto-proxying)
2023-09-18 22:58:57.926 febs [main] INFO  o.s.c.s.PostProcessorRegistrationDelegate$BeanPostProcessorChecker - Bean 'jsonComponentModule' of type [org.springframework.boot.jackson.JsonComponentModule] is not eligible for getting processed by all BeanPostProcessors (for example: not eligible for auto-proxying)
2023-09-18 22:58:57.929 febs [main] INFO  o.s.c.s.PostProcessorRegistrationDelegate$BeanPostProcessorChecker - Bean 'org.springframework.data.web.config.SpringDataJacksonConfiguration' of type [org.springframework.data.web.config.SpringDataJacksonConfiguration] is not eligible for getting processed by all BeanPostProcessors (for example: not eligible for auto-proxying)
2023-09-18 22:58:57.934 febs [main] INFO  o.s.c.s.PostProcessorRegistrationDelegate$BeanPostProcessorChecker - Bean 'jacksonGeoModule' of type [org.springframework.data.geo.GeoModule] is not eligible for getting processed by all BeanPostProcessors (for example: not eligible for auto-proxying)
2023-09-18 22:58:57.939 febs [main] INFO  o.s.c.s.PostProcessorRegistrationDelegate$BeanPostProcessorChecker - Bean 'jacksonObjectMapperBuilder' of type [org.springframework.http.converter.json.Jackson2ObjectMapperBuilder] is not eligible for getting processed by all BeanPostProcessors (for example: not eligible for auto-proxying)
2023-09-18 22:58:57.969 febs [main] INFO  o.s.c.s.PostProcessorRegistrationDelegate$BeanPostProcessorChecker - Bean 'jacksonObjectMapper' of type [com.fasterxml.jackson.databind.ObjectMapper] is not eligible for getting processed by all BeanPostProcessors (for example: not eligible for auto-proxying)
2023-09-18 22:58:57.991 febs [main] INFO  o.s.c.s.PostProcessorRegistrationDelegate$BeanPostProcessorChecker - Bean 'cacheService' of type [cc.mrbird.febs.common.service.impl.CacheServiceImpl] is not eligible for getting processed by all BeanPostProcessors (for example: not eligible for auto-proxying)
2023-09-18 22:58:57.997 febs [main] INFO  o.s.c.s.PostProcessorRegistrationDelegate$BeanPostProcessorChecker - Bean 'userManager' of type [cc.mrbird.febs.system.manager.UserManager] is not eligible for getting processed by all BeanPostProcessors (for example: not eligible for auto-proxying)
2023-09-18 22:58:57.997 febs [main] INFO  o.s.c.s.PostProcessorRegistrationDelegate$BeanPostProcessorChecker - Bean 'shiroRealm' of type [cc.mrbird.febs.common.authentication.ShiroRealm] is not eligible for getting processed by all BeanPostProcessors (for example: not eligible for auto-proxying)
2023-09-18 22:58:58.007 febs [main] INFO  o.s.c.s.PostProcessorRegistrationDelegate$BeanPostProcessorChecker - Bean 'securityManager' of type [org.apache.shiro.web.mgt.DefaultWebSecurityManager] is not eligible for getting processed by all BeanPostProcessors (for example: not eligible for auto-proxying)
2023-09-18 22:58:58.025 febs [main] INFO  o.s.c.s.PostProcessorRegistrationDelegate$BeanPostProcessorChecker - Bean 'authorizationAttributeSourceAdvisor' of type [org.apache.shiro.spring.security.interceptor.AuthorizationAttributeSourceAdvisor] is not eligible for getting processed by all BeanPostProcessors (for example: not eligible for auto-proxying)
2023-09-18 22:58:58.586 febs [main] INFO  o.s.b.w.e.tomcat.TomcatWebServer - Tomcat initialized with port(s): 9527 (http)
2023-09-18 22:58:58.607 febs [main] INFO  o.a.coyote.http11.Http11NioProtocol - Initializing ProtocolHandler ["http-nio-9527"]
2023-09-18 22:58:58.615 febs [main] INFO  o.a.catalina.core.StandardService - Starting service [Tomcat]
2023-09-18 22:58:58.616 febs [main] INFO  o.a.catalina.core.StandardEngine - Starting Servlet Engine: Apache Tomcat/9.0.12
2023-09-18 22:58:58.625 febs [main] INFO  o.a.c.core.AprLifecycleListener - The APR based Apache Tomcat Native library which allows optimal performance in production environments was not found on the java.library.path: [C:\Program Files\Java\jdk1.8.0_201\bin;C:\Windows\Sun\Java\bin;C:\Windows\system32;C:\Windows;C:\Program Files (x86)\Common Files\Oracle\Java\javapath;C:\Windows\system32;C:\Windows;C:\Windows\System32\Wbem;C:\Windows\System32\WindowsPowerShell\v1.0\;C:\Windows\System32\OpenSSH\;F:\办公软件\Git\cmd;F:\nodejs\;F:\Yarn\bin\;F:\Bandizip\;C:\Users\Administrator\AppData\Local\Microsoft\WindowsApps;C:\Users\Administrator\AppData\Roaming\npm;C:\Users\Administrator\AppData\Local\Yarn\bin;.]
2023-09-18 22:58:58.809 febs [main] INFO  o.a.c.c.C.[Tomcat].[localhost].[/] - Initializing Spring embedded WebApplicationContext
2023-09-18 22:58:58.810 febs [main] INFO  o.s.web.context.ContextLoader - Root WebApplicationContext: initialization completed in 5221 ms
2023-09-18 22:58:59.709 febs [main] INFO  o.s.b.w.s.FilterRegistrationBean - Mapping filter: 'characterEncodingFilter' to: [/*]
2023-09-18 22:58:59.710 febs [main] INFO  o.s.b.w.s.FilterRegistrationBean - Mapping filter: 'webMvcMetricsFilter' to: [/*]
2023-09-18 22:58:59.710 febs [main] INFO  o.s.b.w.s.FilterRegistrationBean - Mapping filter: 'hiddenHttpMethodFilter' to: [/*]
2023-09-18 22:58:59.710 febs [main] INFO  o.s.b.w.s.FilterRegistrationBean - Mapping filter: 'formContentFilter' to: [/*]
2023-09-18 22:58:59.710 febs [main] INFO  o.s.b.w.s.FilterRegistrationBean - Mapping filter: 'requestContextFilter' to: [/*]
2023-09-18 22:58:59.710 febs [main] INFO  o.s.b.w.s.FilterRegistrationBean - Mapping filter: 'httpTraceFilter' to: [/*]
2023-09-18 22:58:59.710 febs [main] INFO  o.s.b.w.s.FilterRegistrationBean - Mapping filter: 'shiroFilterFactoryBean' to: [/*]
2023-09-18 22:58:59.710 febs [main] INFO  o.s.b.w.s.ServletRegistrationBean - Servlet dispatcherServlet mapped to [/]
2023-09-18 22:59:00.676 febs [main] INFO  org.quartz.impl.StdSchedulerFactory - Using default implementation for ThreadExecutor
2023-09-18 22:59:00.691 febs [main] INFO  o.quartz.core.SchedulerSignalerImpl - Initialized Scheduler Signaller of type: class org.quartz.core.SchedulerSignalerImpl
2023-09-18 22:59:00.692 febs [main] INFO  org.quartz.core.QuartzScheduler - Quartz Scheduler v.2.3.0 created.
2023-09-18 22:59:00.697 febs [main] INFO  o.s.s.quartz.LocalDataSourceJobStore - Using db table-based data access locking (synchronization).
2023-09-18 22:59:00.699 febs [main] INFO  o.s.s.quartz.LocalDataSourceJobStore - JobStoreCMT initialized.
2023-09-18 22:59:00.700 febs [main] INFO  org.quartz.core.QuartzScheduler - Scheduler meta-data: Quartz Scheduler (v2.3.0) 'MyScheduler' with instanceId 'WIN-KJDA35RA4FP1695049140678'
  Scheduler class: 'org.quartz.core.QuartzScheduler' - running locally.
  NOT STARTED.
  Currently in standby mode.
  Number of jobs executed: 0
  Using thread pool 'org.quartz.simpl.SimpleThreadPool' - with 20 threads.
  Using job-store 'org.springframework.scheduling.quartz.LocalDataSourceJobStore' - which supports persistence. and is clustered.

2023-09-18 22:59:00.700 febs [main] INFO  org.quartz.impl.StdSchedulerFactory - Quartz scheduler 'MyScheduler' initialized from an externally provided properties instance.
2023-09-18 22:59:00.700 febs [main] INFO  org.quartz.impl.StdSchedulerFactory - Quartz scheduler version: 2.3.0
2023-09-18 22:59:00.701 febs [main] INFO  org.quartz.core.QuartzScheduler - JobFactory set to: org.springframework.scheduling.quartz.AdaptableJobFactory@5ccc971e
2023-09-18 22:59:00.771 febs [main] INFO  p6spy - 2023-09-18 22:59:00 | 耗时 11 ms | SQL 语句：
select job_id jobId, bean_name beanName, method_name methodName, params, cron_expression cronExpression, status, remark, create_time createTime from t_job order by job_id;
2023-09-18 22:59:01.425 febs [main] INFO  o.s.s.c.ThreadPoolTaskExecutor - Initializing ExecutorService 'taskExecutor'
2023-09-18 22:59:03.108 febs [main] INFO  o.s.s.c.ThreadPoolTaskScheduler - Initializing ExecutorService 'taskScheduler'
2023-09-18 22:59:03.182 febs [main] INFO  o.s.b.a.e.web.EndpointLinksResolver - Exposing 2 endpoint(s) beneath base path '/actuator'
2023-09-18 22:59:03.292 febs [main] INFO  o.s.s.quartz.SchedulerFactoryBean - Will start Quartz Scheduler [MyScheduler] in 1 seconds
2023-09-18 22:59:03.309 febs [main] INFO  o.a.coyote.http11.Http11NioProtocol - Starting ProtocolHandler ["http-nio-9527"]
2023-09-18 22:59:03.321 febs [main] INFO  o.a.tomcat.util.net.NioSelectorPool - Using a shared selector for servlet write/read
2023-09-18 22:59:03.322 febs [scheduling-1] INFO  cc.mrbird.febs.common.task.CacheTask - delete expired user
2023-09-18 22:59:03.340 febs [main] INFO  o.s.b.w.e.tomcat.TomcatWebServer - Tomcat started on port(s): 9527 (http) with context path ''
2023-09-18 22:59:03.345 febs [main] INFO  cc.mrbird.febs.FebsApplication - Started FebsApplication in 10.74 seconds (JVM running for 12.147)
2023-09-18 22:59:03.356 febs [main] INFO  c.m.f.common.runner.CacheInitRunner - Redis连接中 ······
2023-09-18 22:59:03.357 febs [main] INFO  c.m.f.common.runner.CacheInitRunner - 缓存初始化 ······
2023-09-18 22:59:03.357 febs [main] INFO  c.m.f.common.runner.CacheInitRunner - 缓存用户数据 ······
2023-09-18 22:59:03.399 febs [main] INFO  p6spy - 2023-09-18 22:59:03 | 耗时 4 ms | SQL 语句：
SELECT USER_ID,username,password,dept_id,email,mobile,status,create_time,modify_time,last_login_time,ssex,description,avatar FROM t_user;
2023-09-18 22:59:03.413 febs [main] INFO  p6spy - 2023-09-18 22:59:03 | 耗时 9 ms | SQL 语句：
SELECT u.user_id userId, u.username, u.password, u.email, u.mobile, u. STATUS, u.create_time createTime, u.ssex, d.dept_id deptId, d.dept_name deptName, u.AVATAR, u.DESCRIPTION, u.LAST_LOGIN_TIME lastLoginTime, GROUP_CONCAT(r.role_id) roleId, GROUP_CONCAT(r.ROLE_NAME) roleName FROM t_user u LEFT JOIN t_dept d ON (u.dept_id = d.dept_id) LEFT JOIN t_user_role ur ON (u.user_id = ur.user_id) LEFT JOIN t_role r ON r.role_id = ur.role_id WHERE u.username = 'mrbird' group by u.username, u.user_id, u.password, u.email, u.mobile, u.STATUS, u.create_time, u.ssex, d.dept_id, d.dept_name, u.AVATAR, u.DESCRIPTION, u.LAST_LOGIN_TIME;
2023-09-18 22:59:03.517 febs [main] INFO  p6spy - 2023-09-18 22:59:03 | 耗时 1 ms | SQL 语句：
select r.* from t_role r left join t_user_role ur on (r.role_id = ur.role_id) left join t_user u on (u.user_id = ur.user_id) where u.username = 'mrbird';
2023-09-18 22:59:03.543 febs [main] INFO  p6spy - 2023-09-18 22:59:03 | 耗时 8 ms | SQL 语句：
select distinct m.perms from t_role r left join t_user_role ur on (r.role_id = ur.role_id) left join t_user u on (u.user_id = ur.user_id) left join t_role_menu rm on (rm.role_id = r.role_id) left join t_menu m on (m.menu_id = rm.menu_id) where u.username = 'mrbird' and m.perms is not null and m.perms <> '';
2023-09-18 22:59:03.567 febs [main] INFO  p6spy - 2023-09-18 22:59:03 | 耗时 4 ms | SQL 语句：
SELECT USER_ID,theme,layout,multi_page,fix_siderbar,fix_header,color FROM t_user_config WHERE USER_ID='1' ;
2023-09-18 22:59:03.574 febs [main] INFO  p6spy - 2023-09-18 22:59:03 | 耗时 1 ms | SQL 语句：
SELECT u.user_id userId, u.username, u.password, u.email, u.mobile, u. STATUS, u.create_time createTime, u.ssex, d.dept_id deptId, d.dept_name deptName, u.AVATAR, u.DESCRIPTION, u.LAST_LOGIN_TIME lastLoginTime, GROUP_CONCAT(r.role_id) roleId, GROUP_CONCAT(r.ROLE_NAME) roleName FROM t_user u LEFT JOIN t_dept d ON (u.dept_id = d.dept_id) LEFT JOIN t_user_role ur ON (u.user_id = ur.user_id) LEFT JOIN t_role r ON r.role_id = ur.role_id WHERE u.username = 'scott' group by u.username, u.user_id, u.password, u.email, u.mobile, u.STATUS, u.create_time, u.ssex, d.dept_id, d.dept_name, u.AVATAR, u.DESCRIPTION, u.LAST_LOGIN_TIME;
2023-09-18 22:59:03.579 febs [main] INFO  p6spy - 2023-09-18 22:59:03 | 耗时 1 ms | SQL 语句：
select r.* from t_role r left join t_user_role ur on (r.role_id = ur.role_id) left join t_user u on (u.user_id = ur.user_id) where u.username = 'scott';
2023-09-18 22:59:03.584 febs [main] INFO  p6spy - 2023-09-18 22:59:03 | 耗时 1 ms | SQL 语句：
select distinct m.perms from t_role r left join t_user_role ur on (r.role_id = ur.role_id) left join t_user u on (u.user_id = ur.user_id) left join t_role_menu rm on (rm.role_id = r.role_id) left join t_menu m on (m.menu_id = rm.menu_id) where u.username = 'scott' and m.perms is not null and m.perms <> '';
2023-09-18 22:59:03.589 febs [main] INFO  p6spy - 2023-09-18 22:59:03 | 耗时 0 ms | SQL 语句：
SELECT USER_ID,theme,layout,multi_page,fix_siderbar,fix_header,color FROM t_user_config WHERE USER_ID='2' ;
2023-09-18 22:59:03.594 febs [main] INFO  p6spy - 2023-09-18 22:59:03 | 耗时 1 ms | SQL 语句：
SELECT u.user_id userId, u.username, u.password, u.email, u.mobile, u. STATUS, u.create_time createTime, u.ssex, d.dept_id deptId, d.dept_name deptName, u.AVATAR, u.DESCRIPTION, u.LAST_LOGIN_TIME lastLoginTime, GROUP_CONCAT(r.role_id) roleId, GROUP_CONCAT(r.ROLE_NAME) roleName FROM t_user u LEFT JOIN t_dept d ON (u.dept_id = d.dept_id) LEFT JOIN t_user_role ur ON (u.user_id = ur.user_id) LEFT JOIN t_role r ON r.role_id = ur.role_id WHERE u.username = 'jack' group by u.username, u.user_id, u.password, u.email, u.mobile, u.STATUS, u.create_time, u.ssex, d.dept_id, d.dept_name, u.AVATAR, u.DESCRIPTION, u.LAST_LOGIN_TIME;
2023-09-18 22:59:03.598 febs [main] INFO  p6spy - 2023-09-18 22:59:03 | 耗时 1 ms | SQL 语句：
select r.* from t_role r left join t_user_role ur on (r.role_id = ur.role_id) left join t_user u on (u.user_id = ur.user_id) where u.username = 'jack';
2023-09-18 22:59:03.603 febs [main] INFO  p6spy - 2023-09-18 22:59:03 | 耗时 1 ms | SQL 语句：
select distinct m.perms from t_role r left join t_user_role ur on (r.role_id = ur.role_id) left join t_user u on (u.user_id = ur.user_id) left join t_role_menu rm on (rm.role_id = r.role_id) left join t_menu m on (m.menu_id = rm.menu_id) where u.username = 'jack' and m.perms is not null and m.perms <> '';
2023-09-18 22:59:03.607 febs [main] INFO  p6spy - 2023-09-18 22:59:03 | 耗时 1 ms | SQL 语句：
SELECT USER_ID,theme,layout,multi_page,fix_siderbar,fix_header,color FROM t_user_config WHERE USER_ID='12' ;
2023-09-18 22:59:03.612 febs [main] INFO  p6spy - 2023-09-18 22:59:03 | 耗时 1 ms | SQL 语句：
SELECT u.user_id userId, u.username, u.password, u.email, u.mobile, u. STATUS, u.create_time createTime, u.ssex, d.dept_id deptId, d.dept_name deptName, u.AVATAR, u.DESCRIPTION, u.LAST_LOGIN_TIME lastLoginTime, GROUP_CONCAT(r.role_id) roleId, GROUP_CONCAT(r.ROLE_NAME) roleName FROM t_user u LEFT JOIN t_dept d ON (u.dept_id = d.dept_id) LEFT JOIN t_user_role ur ON (u.user_id = ur.user_id) LEFT JOIN t_role r ON r.role_id = ur.role_id WHERE u.username = 'admin' group by u.username, u.user_id, u.password, u.email, u.mobile, u.STATUS, u.create_time, u.ssex, d.dept_id, d.dept_name, u.AVATAR, u.DESCRIPTION, u.LAST_LOGIN_TIME;
2023-09-18 22:59:03.617 febs [main] INFO  p6spy - 2023-09-18 22:59:03 | 耗时 1 ms | SQL 语句：
select r.* from t_role r left join t_user_role ur on (r.role_id = ur.role_id) left join t_user u on (u.user_id = ur.user_id) where u.username = 'admin';
2023-09-18 22:59:03.622 febs [main] INFO  p6spy - 2023-09-18 22:59:03 | 耗时 1 ms | SQL 语句：
select distinct m.perms from t_role r left join t_user_role ur on (r.role_id = ur.role_id) left join t_user u on (u.user_id = ur.user_id) left join t_role_menu rm on (rm.role_id = r.role_id) left join t_menu m on (m.menu_id = rm.menu_id) where u.username = 'admin' and m.perms is not null and m.perms <> '';
2023-09-18 22:59:03.625 febs [main] INFO  p6spy - 2023-09-18 22:59:03 | 耗时 1 ms | SQL 语句：
SELECT USER_ID,theme,layout,multi_page,fix_siderbar,fix_header,color FROM t_user_config WHERE USER_ID='13' ;
2023-09-18 22:59:03.629 febs [main] INFO  p6spy - 2023-09-18 22:59:03 | 耗时 1 ms | SQL 语句：
SELECT u.user_id userId, u.username, u.password, u.email, u.mobile, u. STATUS, u.create_time createTime, u.ssex, d.dept_id deptId, d.dept_name deptName, u.AVATAR, u.DESCRIPTION, u.LAST_LOGIN_TIME lastLoginTime, GROUP_CONCAT(r.role_id) roleId, GROUP_CONCAT(r.ROLE_NAME) roleName FROM t_user u LEFT JOIN t_dept d ON (u.dept_id = d.dept_id) LEFT JOIN t_user_role ur ON (u.user_id = ur.user_id) LEFT JOIN t_role r ON r.role_id = ur.role_id WHERE u.username = 'caigou' group by u.username, u.user_id, u.password, u.email, u.mobile, u.STATUS, u.create_time, u.ssex, d.dept_id, d.dept_name, u.AVATAR, u.DESCRIPTION, u.LAST_LOGIN_TIME;
2023-09-18 22:59:03.632 febs [main] INFO  p6spy - 2023-09-18 22:59:03 | 耗时 0 ms | SQL 语句：
select r.* from t_role r left join t_user_role ur on (r.role_id = ur.role_id) left join t_user u on (u.user_id = ur.user_id) where u.username = 'caigou';
2023-09-18 22:59:03.635 febs [main] INFO  p6spy - 2023-09-18 22:59:03 | 耗时 1 ms | SQL 语句：
select distinct m.perms from t_role r left join t_user_role ur on (r.role_id = ur.role_id) left join t_user u on (u.user_id = ur.user_id) left join t_role_menu rm on (rm.role_id = r.role_id) left join t_menu m on (m.menu_id = rm.menu_id) where u.username = 'caigou' and m.perms is not null and m.perms <> '';
2023-09-18 22:59:03.637 febs [main] INFO  p6spy - 2023-09-18 22:59:03 | 耗时 0 ms | SQL 语句：
SELECT USER_ID,theme,layout,multi_page,fix_siderbar,fix_header,color FROM t_user_config WHERE USER_ID='14' ;
2023-09-18 22:59:03.638 febs [main] INFO  c.m.f.common.runner.StartedUpRunner -  __    ___   _      ___   _     ____ _____  ____ 
2023-09-18 22:59:03.638 febs [main] INFO  c.m.f.common.runner.StartedUpRunner - / /`  / / \ | |\/| | |_) | |   | |_   | |  | |_  
2023-09-18 22:59:03.638 febs [main] INFO  c.m.f.common.runner.StartedUpRunner - \_\_, \_\_/ |_|  | |_|   |_|__ |_|__  |_|  |_|__ 
2023-09-18 22:59:03.638 febs [main] INFO  c.m.f.common.runner.StartedUpRunner -                                                       
2023-09-18 22:59:03.638 febs [main] INFO  c.m.f.common.runner.StartedUpRunner - FEBS 启动完毕，时间：2023-09-18T22:59:03.638
2023-09-18 22:59:04.304 febs [RMI TCP Connection(4)-192.168.1.3] INFO  o.a.c.c.C.[Tomcat].[localhost].[/] - Initializing Spring DispatcherServlet 'dispatcherServlet'
2023-09-18 22:59:04.305 febs [RMI TCP Connection(4)-192.168.1.3] INFO  o.s.web.servlet.DispatcherServlet - Initializing Servlet 'dispatcherServlet'
2023-09-18 22:59:04.305 febs [Quartz Scheduler [MyScheduler]] INFO  o.s.s.quartz.SchedulerFactoryBean - Starting Quartz Scheduler now, after delay of 1 seconds
2023-09-18 22:59:04.308 febs [RMI TCP Connection(5)-192.168.1.3] INFO  p6spy - 2023-09-18 22:59:04 | 耗时 0 ms | SQL 语句：
/* ping */ SELECT 1;
2023-09-18 22:59:04.323 febs [RMI TCP Connection(4)-192.168.1.3] INFO  o.s.web.servlet.DispatcherServlet - Completed initialization in 18 ms
2023-09-18 22:59:04.326 febs [Quartz Scheduler [MyScheduler]] INFO  o.s.s.quartz.LocalDataSourceJobStore - ClusterManager: detected 1 failed or restarted instances.
2023-09-18 22:59:04.326 febs [Quartz Scheduler [MyScheduler]] INFO  o.s.s.quartz.LocalDataSourceJobStore - ClusterManager: Scanning for instance "WIN-KJDA35RA4FP1694701932792"'s failed in-progress jobs.
2023-09-18 22:59:04.354 febs [Quartz Scheduler [MyScheduler]] INFO  org.quartz.core.QuartzScheduler - Scheduler MyScheduler_$_WIN-KJDA35RA4FP1695049140678 started.
2023-09-18 22:59:19.888 febs [http-nio-9527-exec-2] INFO  c.m.febs.common.aspect.LimitAspect - IP:127.0.0.1 第 1 次访问key为 [limit_login127.0.0.1]，描述为 [登录接口] 的接口
2023-09-18 22:59:20.052 febs [http-nio-9527-exec-2] INFO  p6spy - 2023-09-18 22:59:20 | 耗时 1 ms | SQL 语句：
UPDATE t_user SET last_login_time='2023-09-18T22:59:20.016+0800' WHERE username = 'admin';
2023-09-18 22:59:20.055 febs [http-nio-9527-exec-2] INFO  p6spy - 2023-09-18 22:59:20 | 耗时 1 ms | SQL 语句：
SELECT u.user_id userId, u.username, u.password, u.email, u.mobile, u. STATUS, u.create_time createTime, u.ssex, d.dept_id deptId, d.dept_name deptName, u.AVATAR, u.DESCRIPTION, u.LAST_LOGIN_TIME lastLoginTime, GROUP_CONCAT(r.role_id) roleId, GROUP_CONCAT(r.ROLE_NAME) roleName FROM t_user u LEFT JOIN t_dept d ON (u.dept_id = d.dept_id) LEFT JOIN t_user_role ur ON (u.user_id = ur.user_id) LEFT JOIN t_role r ON r.role_id = ur.role_id WHERE u.username = 'admin' group by u.username, u.user_id, u.password, u.email, u.mobile, u.STATUS, u.create_time, u.ssex, d.dept_id, d.dept_name, u.AVATAR, u.DESCRIPTION, u.LAST_LOGIN_TIME;
2023-09-18 22:59:20.081 febs [http-nio-9527-exec-2] INFO  p6spy - 2023-09-18 22:59:20 | 耗时 4 ms | SQL 语句：
INSERT INTO t_login_log ( username, login_time, location, ip ) VALUES ( 'admin', '2023-09-18T22:59:20.065+0800', '', '127.0.0.1' );
2023-09-18 22:59:20.240 febs [http-nio-9527-exec-4] INFO  c.m.f.common.authentication.JWTUtil - token is valid
2023-09-18 22:59:20.275 febs [http-nio-9527-exec-4] INFO  p6spy - 2023-09-18 22:59:20 | 耗时 3 ms | SQL 语句：
select m.* from t_menu m where m.type <> 1 and m.MENU_ID in (select distinct rm.menu_id from t_role_menu rm left join t_role r on (rm.role_id = r.role_id) left join t_user_role ur on (ur.role_id = r.role_id) left join t_user u on (u.user_id = ur.user_id) where u.username = 'admin') order by m.order_num;
2023-09-18 22:59:20.591 febs [http-nio-9527-exec-7] INFO  c.m.f.common.authentication.JWTUtil - token is valid
2023-09-18 22:59:20.593 febs [http-nio-9527-exec-8] INFO  c.m.f.common.authentication.JWTUtil - token is valid
2023-09-18 22:59:20.603 febs [http-nio-9527-exec-8] INFO  p6spy - 2023-09-18 22:59:20 | 耗时 4 ms | SQL 语句：
select count(1) from t_login_log;
2023-09-18 22:59:20.609 febs [http-nio-9527-exec-8] INFO  p6spy - 2023-09-18 22:59:20 | 耗时 3 ms | SQL 语句：
select count(1) from t_login_log where datediff(login_time,now())=0;
2023-09-18 22:59:20.613 febs [http-nio-9527-exec-8] INFO  p6spy - 2023-09-18 22:59:20 | 耗时 1 ms | SQL 语句：
select count(distinct(ip)) from t_login_log where datediff(login_time,now())=0;
2023-09-18 22:59:20.619 febs [http-nio-9527-exec-8] INFO  p6spy - 2023-09-18 22:59:20 | 耗时 2 ms | SQL 语句：
select date_format(l.login_time, '%m-%d') days, count(1) count from ( select * from t_login_log where date_sub(curdate(), interval 7 day) <= date(login_time) ) as l where 1 = 1 group by days;
2023-09-18 22:59:20.621 febs [http-nio-9527-exec-7] INFO  p6spy - 2023-09-18 22:59:20 | 耗时 5 ms | SQL 语句：
SELECT ID,title,content,date,images,publisher FROM bulletin_info;
2023-09-18 22:59:20.624 febs [http-nio-9527-exec-8] INFO  p6spy - 2023-09-18 22:59:20 | 耗时 1 ms | SQL 语句：
select date_format(l.login_time, '%m-%d') days, count(1) count from ( select * from t_login_log where date_sub(curdate(), interval 7 day) <= date(login_time) ) as l where 1 = 1 and l.username = 'admin' group by days;
2023-09-18 22:59:20.634 febs [http-nio-9527-exec-7] INFO  p6spy - 2023-09-18 22:59:20 | 耗时 11 ms | SQL 语句：
SELECT DATE_FORMAT( spo.days, '%m-%d' ) AS days, IFNULL( SUM(er.amount), 0 ) AS amount FROM ( SELECT DATE_SUB( curdate(), INTERVAL + 0 DAY ) days UNION SELECT DATE_SUB( curdate(), INTERVAL + 1 DAY ) UNION SELECT DATE_SUB( curdate(), INTERVAL + 2 DAY ) UNION SELECT DATE_SUB( curdate(), INTERVAL + 3 DAY ) UNION SELECT DATE_SUB( curdate(), INTERVAL + 4 DAY ) UNION SELECT DATE_SUB( curdate(), INTERVAL + 5 DAY ) UNION SELECT DATE_SUB( curdate(), INTERVAL + 6 DAY )) spo LEFT JOIN stock_info er ON ( DATE_FORMAT( er.create_date, '%Y-%m-%d' ) = DATE_FORMAT( spo.days, '%Y-%m-%d' )) AND er.is_in = 1 GROUP BY days ORDER BY days ASC;
2023-09-18 22:59:20.643 febs [http-nio-9527-exec-7] INFO  p6spy - 2023-09-18 22:59:20 | 耗时 5 ms | SQL 语句：
SELECT IFNULL(sum( si.amount * si.price ),0) AS price, ct.`name` FROM stock_info si LEFT JOIN consumable_type ct ON ( ct.id = si.type_id ) WHERE si.is_in = 1 GROUP BY ct.id;
2023-09-18 22:59:20.651 febs [http-nio-9527-exec-7] INFO  p6spy - 2023-09-18 22:59:20 | 耗时 1 ms | SQL 语句：
SELECT DATE_FORMAT( spo.days, '%m-%d' ) AS days, IFNULL( SUM(er.amount), 0 ) AS amount FROM ( SELECT DATE_SUB( curdate(), INTERVAL + 0 DAY ) days UNION SELECT DATE_SUB( curdate(), INTERVAL + 1 DAY ) UNION SELECT DATE_SUB( curdate(), INTERVAL + 2 DAY ) UNION SELECT DATE_SUB( curdate(), INTERVAL + 3 DAY ) UNION SELECT DATE_SUB( curdate(), INTERVAL + 4 DAY ) UNION SELECT DATE_SUB( curdate(), INTERVAL + 5 DAY ) UNION SELECT DATE_SUB( curdate(), INTERVAL + 6 DAY )) spo LEFT JOIN stock_info er ON ( DATE_FORMAT( er.create_date, '%Y-%m-%d' ) = DATE_FORMAT( spo.days, '%Y-%m-%d' )) AND er.is_in = 2 GROUP BY days ORDER BY days ASC;
2023-09-18 22:59:20.655 febs [http-nio-9527-exec-7] INFO  p6spy - 2023-09-18 22:59:20 | 耗时 0 ms | SQL 语句：
SELECT IFNULL(sum( si.amount * si.price ),0) AS price, ct.`name` FROM stock_info si LEFT JOIN consumable_type ct ON ( ct.id = si.type_id ) WHERE si.is_in = 2 GROUP BY ct.id;
2023-09-18 22:59:20.659 febs [http-nio-9527-exec-7] INFO  p6spy - 2023-09-18 22:59:20 | 耗时 1 ms | SQL 语句：
SELECT * FROM ( SELECT count( 1 ) AS putCount FROM stock_info si WHERE si.is_in = 1 ) AS on1, ( SELECT count( 1 ) AS outCount FROM stock_info si WHERE si.is_in = 2 ) AS on2, ( SELECT IFNULL( SUM( si.amount * si.price ),0) AS price FROM stock_info si WHERE si.is_in = 1 ) AS on3;
2023-09-18 22:59:23.387 febs [http-nio-9527-exec-10] INFO  c.m.f.common.authentication.JWTUtil - token is valid
2023-09-18 22:59:23.463 febs [http-nio-9527-exec-10] INFO  p6spy - 2023-09-18 22:59:23 | 耗时 8 ms | SQL 语句：
SELECT COUNT(1) FROM archives_info WHERE 1 = 1;
2023-09-18 22:59:23.469 febs [http-nio-9527-exec-10] INFO  p6spy - 2023-09-18 22:59:23 | 耗时 1 ms | SQL 语句：
select id, code, name, sex, birthday, native_address, id_card, images, diploma, school_name, address, mail, phone, create_date, del_flag from archives_info where 1 = 1 order by create_date desc LIMIT 0,10;
