2023-09-13 23:08:55.624 febs [main] INFO  cc.mrbird.febs.FebsApplication - Starting FebsApplication on WIN-KJDA35RA4FP with PID 10840 (started by Administrator in G:\Project\工地安全预警管理系统的设计与实现\construction_cos\backend)
2023-09-13 23:08:55.626 febs [main] INFO  cc.mrbird.febs.FebsApplication - No active profile set, falling back to default profiles: default
2023-09-13 23:08:56.500 febs [main] INFO  o.s.d.r.c.RepositoryConfigurationDelegate - Multiple Spring Data modules found, entering strict repository configuration mode!
2023-09-13 23:08:56.503 febs [main] INFO  o.s.d.r.c.RepositoryConfigurationDelegate - Bootstrapping Spring Data repositories in DEFAULT mode.
2023-09-13 23:08:56.565 febs [main] INFO  o.s.d.r.c.RepositoryConfigurationDelegate - Finished Spring Data repository scanning in 48ms. Found 0 repository interfaces.
2023-09-13 23:08:56.813 febs [main] INFO  o.s.c.s.PostProcessorRegistrationDelegate$BeanPostProcessorChecker - Bean 'asyncExecutorPoolConfig' of type [cc.mrbird.febs.common.config.AsyncExecutorPoolConfig$$EnhancerBySpringCGLIB$$2138f85d] is not eligible for getting processed by all BeanPostProcessors (for example: not eligible for auto-proxying)
2023-09-13 23:08:56.908 febs [main] INFO  o.s.c.s.PostProcessorRegistrationDelegate$BeanPostProcessorChecker - Bean 'spring.datasource.dynamic-com.baomidou.dynamic.datasource.spring.boot.autoconfigure.DynamicDataSourceProperties' of type [com.baomidou.dynamic.datasource.spring.boot.autoconfigure.DynamicDataSourceProperties] is not eligible for getting processed by all BeanPostProcessors (for example: not eligible for auto-proxying)
2023-09-13 23:08:56.980 febs [main] INFO  o.s.c.s.PostProcessorRegistrationDelegate$BeanPostProcessorChecker - Bean 'com.baomidou.dynamic.datasource.spring.boot.autoconfigure.DynamicDataSourceAutoConfiguration' of type [com.baomidou.dynamic.datasource.spring.boot.autoconfigure.DynamicDataSourceAutoConfiguration$$EnhancerBySpringCGLIB$$fb884401] is not eligible for getting processed by all BeanPostProcessors (for example: not eligible for auto-proxying)
2023-09-13 23:08:56.986 febs [main] INFO  o.s.c.s.PostProcessorRegistrationDelegate$BeanPostProcessorChecker - Bean 'dsProcessor' of type [com.baomidou.dynamic.datasource.processor.DsHeaderProcessor] is not eligible for getting processed by all BeanPostProcessors (for example: not eligible for auto-proxying)
2023-09-13 23:08:56.988 febs [main] INFO  o.s.c.s.PostProcessorRegistrationDelegate$BeanPostProcessorChecker - Bean 'dynamicDatasourceAnnotationAdvisor' of type [com.baomidou.dynamic.datasource.aop.DynamicDataSourceAnnotationAdvisor] is not eligible for getting processed by all BeanPostProcessors (for example: not eligible for auto-proxying)
2023-09-13 23:08:56.996 febs [main] INFO  o.s.c.s.PostProcessorRegistrationDelegate$BeanPostProcessorChecker - Bean 'org.springframework.transaction.annotation.ProxyTransactionManagementConfiguration' of type [org.springframework.transaction.annotation.ProxyTransactionManagementConfiguration$$EnhancerBySpringCGLIB$$91f9d330] is not eligible for getting processed by all BeanPostProcessors (for example: not eligible for auto-proxying)
2023-09-13 23:08:57.008 febs [main] INFO  o.s.c.s.PostProcessorRegistrationDelegate$BeanPostProcessorChecker - Bean 'shiroConfig' of type [cc.mrbird.febs.common.authentication.ShiroConfig$$EnhancerBySpringCGLIB$$fd79d4d9] is not eligible for getting processed by all BeanPostProcessors (for example: not eligible for auto-proxying)
2023-09-13 23:08:57.254 febs [main] INFO  o.s.c.s.PostProcessorRegistrationDelegate$BeanPostProcessorChecker - Bean 'redisConfig' of type [cc.mrbird.febs.common.config.RedisConfig$$EnhancerBySpringCGLIB$$f63e8c2d] is not eligible for getting processed by all BeanPostProcessors (for example: not eligible for auto-proxying)
2023-09-13 23:08:57.269 febs [main] INFO  o.s.c.s.PostProcessorRegistrationDelegate$BeanPostProcessorChecker - Bean 'redisPoolFactory' of type [redis.clients.jedis.JedisPool] is not eligible for getting processed by all BeanPostProcessors (for example: not eligible for auto-proxying)
2023-09-13 23:08:57.272 febs [main] INFO  o.s.c.s.PostProcessorRegistrationDelegate$BeanPostProcessorChecker - Bean 'redisService' of type [cc.mrbird.febs.common.service.impl.RedisServiceImpl] is not eligible for getting processed by all BeanPostProcessors (for example: not eligible for auto-proxying)
2023-09-13 23:08:57.345 febs [main] INFO  o.s.c.s.PostProcessorRegistrationDelegate$BeanPostProcessorChecker - Bean 'mybatis-plus-com.baomidou.mybatisplus.autoconfigure.MybatisPlusProperties' of type [com.baomidou.mybatisplus.autoconfigure.MybatisPlusProperties] is not eligible for getting processed by all BeanPostProcessors (for example: not eligible for auto-proxying)
2023-09-13 23:08:57.350 febs [main] INFO  o.s.c.s.PostProcessorRegistrationDelegate$BeanPostProcessorChecker - Bean 'mybatisPlusConfig' of type [cc.mrbird.febs.common.config.MybatisPlusConfig$$EnhancerBySpringCGLIB$$e3812f3f] is not eligible for getting processed by all BeanPostProcessors (for example: not eligible for auto-proxying)
2023-09-13 23:08:57.353 febs [main] INFO  o.s.c.s.PostProcessorRegistrationDelegate$BeanPostProcessorChecker - Bean 'paginationInterceptor' of type [com.baomidou.mybatisplus.extension.plugins.PaginationInterceptor] is not eligible for getting processed by all BeanPostProcessors (for example: not eligible for auto-proxying)
2023-09-13 23:08:57.358 febs [main] INFO  o.s.c.s.PostProcessorRegistrationDelegate$BeanPostProcessorChecker - Bean 'com.baomidou.mybatisplus.autoconfigure.MybatisPlusAutoConfiguration' of type [com.baomidou.mybatisplus.autoconfigure.MybatisPlusAutoConfiguration$$EnhancerBySpringCGLIB$$cfc23fca] is not eligible for getting processed by all BeanPostProcessors (for example: not eligible for auto-proxying)
2023-09-13 23:08:57.364 febs [main] INFO  o.s.c.s.PostProcessorRegistrationDelegate$BeanPostProcessorChecker - Bean 'dynamicDataSourceCreator' of type [com.baomidou.dynamic.datasource.DynamicDataSourceCreator] is not eligible for getting processed by all BeanPostProcessors (for example: not eligible for auto-proxying)
2023-09-13 23:08:57.366 febs [main] INFO  o.s.c.s.PostProcessorRegistrationDelegate$BeanPostProcessorChecker - Bean 'dynamicDataSourceProvider' of type [com.baomidou.dynamic.datasource.provider.YmlDynamicDataSourceProvider] is not eligible for getting processed by all BeanPostProcessors (for example: not eligible for auto-proxying)
2023-09-13 23:08:57.368 febs [main] INFO  c.b.d.d.DynamicRoutingDataSource - 动态数据源-检测到并开启了p6spy
2023-09-13 23:08:57.375 febs [main] INFO  com.zaxxer.hikari.HikariDataSource - primary - Starting...
2023-09-13 23:08:57.559 febs [main] INFO  com.zaxxer.hikari.HikariDataSource - primary - Start completed.
2023-09-13 23:08:57.559 febs [main] INFO  c.b.d.d.DynamicRoutingDataSource - 初始共加载 1 个数据源
2023-09-13 23:08:57.559 febs [main] INFO  c.b.d.d.DynamicRoutingDataSource - 动态数据源-加载 primary 成功
2023-09-13 23:08:57.559 febs [main] INFO  c.b.d.d.DynamicRoutingDataSource - 当前的默认数据源是单数据源，数据源名为 primary
2023-09-13 23:08:57.559 febs [main] INFO  o.s.c.s.PostProcessorRegistrationDelegate$BeanPostProcessorChecker - Bean 'dataSource' of type [com.baomidou.dynamic.datasource.DynamicRoutingDataSource] is not eligible for getting processed by all BeanPostProcessors (for example: not eligible for auto-proxying)
2023-09-13 23:08:57.571 febs [main] INFO  o.s.c.s.PostProcessorRegistrationDelegate$BeanPostProcessorChecker - Bean 'spring.datasource-org.springframework.boot.autoconfigure.jdbc.DataSourceProperties' of type [org.springframework.boot.autoconfigure.jdbc.DataSourceProperties] is not eligible for getting processed by all BeanPostProcessors (for example: not eligible for auto-proxying)
2023-09-13 23:08:57.577 febs [main] INFO  o.s.c.s.PostProcessorRegistrationDelegate$BeanPostProcessorChecker - Bean 'org.springframework.boot.autoconfigure.jdbc.DataSourceInitializerInvoker' of type [org.springframework.boot.autoconfigure.jdbc.DataSourceInitializerInvoker] is not eligible for getting processed by all BeanPostProcessors (for example: not eligible for auto-proxying)
2023-09-13 23:08:58.276 febs [main] INFO  o.s.c.s.PostProcessorRegistrationDelegate$BeanPostProcessorChecker - Bean 'sqlSessionFactory' of type [org.apache.ibatis.session.defaults.DefaultSqlSessionFactory] is not eligible for getting processed by all BeanPostProcessors (for example: not eligible for auto-proxying)
2023-09-13 23:08:58.281 febs [main] INFO  o.s.c.s.PostProcessorRegistrationDelegate$BeanPostProcessorChecker - Bean 'sqlSessionTemplate' of type [org.mybatis.spring.SqlSessionTemplate] is not eligible for getting processed by all BeanPostProcessors (for example: not eligible for auto-proxying)
2023-09-13 23:08:58.284 febs [main] INFO  o.s.c.s.PostProcessorRegistrationDelegate$BeanPostProcessorChecker - Bean 'roleMapper' of type [org.mybatis.spring.mapper.MapperFactoryBean] is not eligible for getting processed by all BeanPostProcessors (for example: not eligible for auto-proxying)
2023-09-13 23:08:58.285 febs [main] INFO  o.s.c.s.PostProcessorRegistrationDelegate$BeanPostProcessorChecker - Bean 'roleMapper' of type [com.sun.proxy.$Proxy108] is not eligible for getting processed by all BeanPostProcessors (for example: not eligible for auto-proxying)
2023-09-13 23:08:58.300 febs [main] INFO  o.s.c.s.PostProcessorRegistrationDelegate$BeanPostProcessorChecker - Bean 'roleMenuMapper' of type [org.mybatis.spring.mapper.MapperFactoryBean] is not eligible for getting processed by all BeanPostProcessors (for example: not eligible for auto-proxying)
2023-09-13 23:08:58.301 febs [main] INFO  o.s.c.s.PostProcessorRegistrationDelegate$BeanPostProcessorChecker - Bean 'roleMenuMapper' of type [com.sun.proxy.$Proxy110] is not eligible for getting processed by all BeanPostProcessors (for example: not eligible for auto-proxying)
2023-09-13 23:08:58.306 febs [main] INFO  o.s.c.s.PostProcessorRegistrationDelegate$BeanPostProcessorChecker - Bean 'userRoleMapper' of type [org.mybatis.spring.mapper.MapperFactoryBean] is not eligible for getting processed by all BeanPostProcessors (for example: not eligible for auto-proxying)
2023-09-13 23:08:58.307 febs [main] INFO  o.s.c.s.PostProcessorRegistrationDelegate$BeanPostProcessorChecker - Bean 'userRoleMapper' of type [com.sun.proxy.$Proxy111] is not eligible for getting processed by all BeanPostProcessors (for example: not eligible for auto-proxying)
2023-09-13 23:08:58.308 febs [main] INFO  o.s.c.s.PostProcessorRegistrationDelegate$BeanPostProcessorChecker - Bean 'userRoleService' of type [cc.mrbird.febs.system.service.impl.UserRoleServiceImpl] is not eligible for getting processed by all BeanPostProcessors (for example: not eligible for auto-proxying)
2023-09-13 23:08:58.338 febs [main] INFO  o.s.c.s.PostProcessorRegistrationDelegate$BeanPostProcessorChecker - Bean 'roleMenuService' of type [cc.mrbird.febs.system.service.impl.RoleMenuServiceImpl] is not eligible for getting processed by all BeanPostProcessors (for example: not eligible for auto-proxying)
2023-09-13 23:08:58.353 febs [main] INFO  o.s.c.s.PostProcessorRegistrationDelegate$BeanPostProcessorChecker - Bean 'roleService' of type [cc.mrbird.febs.system.service.impl.RoleServiceImpl] is not eligible for getting processed by all BeanPostProcessors (for example: not eligible for auto-proxying)
2023-09-13 23:08:58.370 febs [main] INFO  o.s.c.s.PostProcessorRegistrationDelegate$BeanPostProcessorChecker - Bean 'menuMapper' of type [org.mybatis.spring.mapper.MapperFactoryBean] is not eligible for getting processed by all BeanPostProcessors (for example: not eligible for auto-proxying)
2023-09-13 23:08:58.371 febs [main] INFO  o.s.c.s.PostProcessorRegistrationDelegate$BeanPostProcessorChecker - Bean 'menuMapper' of type [com.sun.proxy.$Proxy115] is not eligible for getting processed by all BeanPostProcessors (for example: not eligible for auto-proxying)
2023-09-13 23:08:58.373 febs [main] INFO  o.s.c.s.PostProcessorRegistrationDelegate$BeanPostProcessorChecker - Bean 'menuService' of type [cc.mrbird.febs.system.service.impl.MenuServiceImpl] is not eligible for getting processed by all BeanPostProcessors (for example: not eligible for auto-proxying)
2023-09-13 23:08:58.390 febs [main] INFO  o.s.c.s.PostProcessorRegistrationDelegate$BeanPostProcessorChecker - Bean 'userMapper' of type [org.mybatis.spring.mapper.MapperFactoryBean] is not eligible for getting processed by all BeanPostProcessors (for example: not eligible for auto-proxying)
2023-09-13 23:08:58.391 febs [main] INFO  o.s.c.s.PostProcessorRegistrationDelegate$BeanPostProcessorChecker - Bean 'userMapper' of type [com.sun.proxy.$Proxy117] is not eligible for getting processed by all BeanPostProcessors (for example: not eligible for auto-proxying)
2023-09-13 23:08:58.407 febs [main] INFO  o.s.c.s.PostProcessorRegistrationDelegate$BeanPostProcessorChecker - Bean 'userConfigMapper' of type [org.mybatis.spring.mapper.MapperFactoryBean] is not eligible for getting processed by all BeanPostProcessors (for example: not eligible for auto-proxying)
2023-09-13 23:08:58.408 febs [main] INFO  o.s.c.s.PostProcessorRegistrationDelegate$BeanPostProcessorChecker - Bean 'userConfigMapper' of type [com.sun.proxy.$Proxy118] is not eligible for getting processed by all BeanPostProcessors (for example: not eligible for auto-proxying)
2023-09-13 23:08:58.411 febs [main] INFO  o.s.c.s.PostProcessorRegistrationDelegate$BeanPostProcessorChecker - Bean 'userConfigService' of type [cc.mrbird.febs.system.service.impl.UserConfigServiceImpl] is not eligible for getting processed by all BeanPostProcessors (for example: not eligible for auto-proxying)
2023-09-13 23:08:58.425 febs [main] INFO  o.s.c.s.PostProcessorRegistrationDelegate$BeanPostProcessorChecker - Bean 'userService' of type [cc.mrbird.febs.system.service.impl.UserServiceImpl] is not eligible for getting processed by all BeanPostProcessors (for example: not eligible for auto-proxying)
2023-09-13 23:08:58.442 febs [main] INFO  o.s.c.s.PostProcessorRegistrationDelegate$BeanPostProcessorChecker - Bean 'org.springframework.boot.autoconfigure.jackson.JacksonAutoConfiguration$JacksonObjectMapperConfiguration' of type [org.springframework.boot.autoconfigure.jackson.JacksonAutoConfiguration$JacksonObjectMapperConfiguration$$EnhancerBySpringCGLIB$$ed8d52c1] is not eligible for getting processed by all BeanPostProcessors (for example: not eligible for auto-proxying)
2023-09-13 23:08:58.446 febs [main] INFO  o.s.c.s.PostProcessorRegistrationDelegate$BeanPostProcessorChecker - Bean 'org.springframework.boot.autoconfigure.jackson.JacksonAutoConfiguration$JacksonObjectMapperBuilderConfiguration' of type [org.springframework.boot.autoconfigure.jackson.JacksonAutoConfiguration$JacksonObjectMapperBuilderConfiguration$$EnhancerBySpringCGLIB$$9fda14da] is not eligible for getting processed by all BeanPostProcessors (for example: not eligible for auto-proxying)
2023-09-13 23:08:58.448 febs [main] INFO  o.s.c.s.PostProcessorRegistrationDelegate$BeanPostProcessorChecker - Bean 'org.springframework.boot.autoconfigure.jackson.JacksonAutoConfiguration$Jackson2ObjectMapperBuilderCustomizerConfiguration' of type [org.springframework.boot.autoconfigure.jackson.JacksonAutoConfiguration$Jackson2ObjectMapperBuilderCustomizerConfiguration$$EnhancerBySpringCGLIB$$5af0fac9] is not eligible for getting processed by all BeanPostProcessors (for example: not eligible for auto-proxying)
2023-09-13 23:08:58.454 febs [main] INFO  o.s.c.s.PostProcessorRegistrationDelegate$BeanPostProcessorChecker - Bean 'spring.jackson-org.springframework.boot.autoconfigure.jackson.JacksonProperties' of type [org.springframework.boot.autoconfigure.jackson.JacksonProperties] is not eligible for getting processed by all BeanPostProcessors (for example: not eligible for auto-proxying)
2023-09-13 23:08:58.457 febs [main] INFO  o.s.c.s.PostProcessorRegistrationDelegate$BeanPostProcessorChecker - Bean 'standardJacksonObjectMapperBuilderCustomizer' of type [org.springframework.boot.autoconfigure.jackson.JacksonAutoConfiguration$Jackson2ObjectMapperBuilderCustomizerConfiguration$StandardJackson2ObjectMapperBuilderCustomizer] is not eligible for getting processed by all BeanPostProcessors (for example: not eligible for auto-proxying)
2023-09-13 23:08:58.462 febs [main] INFO  o.s.c.s.PostProcessorRegistrationDelegate$BeanPostProcessorChecker - Bean 'org.springframework.boot.autoconfigure.jackson.JacksonAutoConfiguration$ParameterNamesModuleConfiguration' of type [org.springframework.boot.autoconfigure.jackson.JacksonAutoConfiguration$ParameterNamesModuleConfiguration$$EnhancerBySpringCGLIB$$81bc71f7] is not eligible for getting processed by all BeanPostProcessors (for example: not eligible for auto-proxying)
2023-09-13 23:08:58.467 febs [main] INFO  o.s.c.s.PostProcessorRegistrationDelegate$BeanPostProcessorChecker - Bean 'parameterNamesModule' of type [com.fasterxml.jackson.module.paramnames.ParameterNamesModule] is not eligible for getting processed by all BeanPostProcessors (for example: not eligible for auto-proxying)
2023-09-13 23:08:58.470 febs [main] INFO  o.s.c.s.PostProcessorRegistrationDelegate$BeanPostProcessorChecker - Bean 'org.springframework.boot.autoconfigure.jackson.JacksonAutoConfiguration' of type [org.springframework.boot.autoconfigure.jackson.JacksonAutoConfiguration$$EnhancerBySpringCGLIB$$cf98f050] is not eligible for getting processed by all BeanPostProcessors (for example: not eligible for auto-proxying)
2023-09-13 23:08:58.482 febs [main] INFO  o.s.c.s.PostProcessorRegistrationDelegate$BeanPostProcessorChecker - Bean 'jsonComponentModule' of type [org.springframework.boot.jackson.JsonComponentModule] is not eligible for getting processed by all BeanPostProcessors (for example: not eligible for auto-proxying)
2023-09-13 23:08:58.484 febs [main] INFO  o.s.c.s.PostProcessorRegistrationDelegate$BeanPostProcessorChecker - Bean 'org.springframework.data.web.config.SpringDataJacksonConfiguration' of type [org.springframework.data.web.config.SpringDataJacksonConfiguration] is not eligible for getting processed by all BeanPostProcessors (for example: not eligible for auto-proxying)
2023-09-13 23:08:58.488 febs [main] INFO  o.s.c.s.PostProcessorRegistrationDelegate$BeanPostProcessorChecker - Bean 'jacksonGeoModule' of type [org.springframework.data.geo.GeoModule] is not eligible for getting processed by all BeanPostProcessors (for example: not eligible for auto-proxying)
2023-09-13 23:08:58.490 febs [main] INFO  o.s.c.s.PostProcessorRegistrationDelegate$BeanPostProcessorChecker - Bean 'jacksonObjectMapperBuilder' of type [org.springframework.http.converter.json.Jackson2ObjectMapperBuilder] is not eligible for getting processed by all BeanPostProcessors (for example: not eligible for auto-proxying)
2023-09-13 23:08:58.510 febs [main] INFO  o.s.c.s.PostProcessorRegistrationDelegate$BeanPostProcessorChecker - Bean 'jacksonObjectMapper' of type [com.fasterxml.jackson.databind.ObjectMapper] is not eligible for getting processed by all BeanPostProcessors (for example: not eligible for auto-proxying)
2023-09-13 23:08:58.521 febs [main] INFO  o.s.c.s.PostProcessorRegistrationDelegate$BeanPostProcessorChecker - Bean 'cacheService' of type [cc.mrbird.febs.common.service.impl.CacheServiceImpl] is not eligible for getting processed by all BeanPostProcessors (for example: not eligible for auto-proxying)
2023-09-13 23:08:58.524 febs [main] INFO  o.s.c.s.PostProcessorRegistrationDelegate$BeanPostProcessorChecker - Bean 'userManager' of type [cc.mrbird.febs.system.manager.UserManager] is not eligible for getting processed by all BeanPostProcessors (for example: not eligible for auto-proxying)
2023-09-13 23:08:58.525 febs [main] INFO  o.s.c.s.PostProcessorRegistrationDelegate$BeanPostProcessorChecker - Bean 'shiroRealm' of type [cc.mrbird.febs.common.authentication.ShiroRealm] is not eligible for getting processed by all BeanPostProcessors (for example: not eligible for auto-proxying)
2023-09-13 23:08:58.531 febs [main] INFO  o.s.c.s.PostProcessorRegistrationDelegate$BeanPostProcessorChecker - Bean 'securityManager' of type [org.apache.shiro.web.mgt.DefaultWebSecurityManager] is not eligible for getting processed by all BeanPostProcessors (for example: not eligible for auto-proxying)
2023-09-13 23:08:58.541 febs [main] INFO  o.s.c.s.PostProcessorRegistrationDelegate$BeanPostProcessorChecker - Bean 'authorizationAttributeSourceAdvisor' of type [org.apache.shiro.spring.security.interceptor.AuthorizationAttributeSourceAdvisor] is not eligible for getting processed by all BeanPostProcessors (for example: not eligible for auto-proxying)
2023-09-13 23:08:58.828 febs [main] INFO  o.s.b.w.e.tomcat.TomcatWebServer - Tomcat initialized with port(s): 9527 (http)
2023-09-13 23:08:58.839 febs [main] INFO  o.a.coyote.http11.Http11NioProtocol - Initializing ProtocolHandler ["http-nio-9527"]
2023-09-13 23:08:58.843 febs [main] INFO  o.a.catalina.core.StandardService - Starting service [Tomcat]
2023-09-13 23:08:58.843 febs [main] INFO  o.a.catalina.core.StandardEngine - Starting Servlet Engine: Apache Tomcat/9.0.12
2023-09-13 23:08:58.848 febs [main] INFO  o.a.c.core.AprLifecycleListener - The APR based Apache Tomcat Native library which allows optimal performance in production environments was not found on the java.library.path: [C:\Program Files\Java\jdk1.8.0_201\bin;C:\Windows\Sun\Java\bin;C:\Windows\system32;C:\Windows;C:\Program Files (x86)\Common Files\Oracle\Java\javapath;C:\Windows\system32;C:\Windows;C:\Windows\System32\Wbem;C:\Windows\System32\WindowsPowerShell\v1.0\;C:\Windows\System32\OpenSSH\;F:\办公软件\Git\cmd;F:\nodejs\;F:\Yarn\bin\;F:\Bandizip\;C:\Users\Administrator\AppData\Local\Microsoft\WindowsApps;C:\Users\Administrator\AppData\Roaming\npm;C:\Users\Administrator\AppData\Local\Yarn\bin;.]
2023-09-13 23:08:58.987 febs [main] INFO  o.a.c.c.C.[Tomcat].[localhost].[/] - Initializing Spring embedded WebApplicationContext
2023-09-13 23:08:58.987 febs [main] INFO  o.s.web.context.ContextLoader - Root WebApplicationContext: initialization completed in 3330 ms
2023-09-13 23:08:59.405 febs [main] INFO  o.s.b.w.s.FilterRegistrationBean - Mapping filter: 'characterEncodingFilter' to: [/*]
2023-09-13 23:08:59.406 febs [main] INFO  o.s.b.w.s.FilterRegistrationBean - Mapping filter: 'webMvcMetricsFilter' to: [/*]
2023-09-13 23:08:59.406 febs [main] INFO  o.s.b.w.s.FilterRegistrationBean - Mapping filter: 'hiddenHttpMethodFilter' to: [/*]
2023-09-13 23:08:59.406 febs [main] INFO  o.s.b.w.s.FilterRegistrationBean - Mapping filter: 'formContentFilter' to: [/*]
2023-09-13 23:08:59.406 febs [main] INFO  o.s.b.w.s.FilterRegistrationBean - Mapping filter: 'requestContextFilter' to: [/*]
2023-09-13 23:08:59.406 febs [main] INFO  o.s.b.w.s.FilterRegistrationBean - Mapping filter: 'httpTraceFilter' to: [/*]
2023-09-13 23:08:59.406 febs [main] INFO  o.s.b.w.s.FilterRegistrationBean - Mapping filter: 'shiroFilterFactoryBean' to: [/*]
2023-09-13 23:08:59.406 febs [main] INFO  o.s.b.w.s.ServletRegistrationBean - Servlet dispatcherServlet mapped to [/]
2023-09-13 23:08:59.939 febs [main] INFO  org.quartz.impl.StdSchedulerFactory - Using default implementation for ThreadExecutor
2023-09-13 23:08:59.948 febs [main] INFO  o.quartz.core.SchedulerSignalerImpl - Initialized Scheduler Signaller of type: class org.quartz.core.SchedulerSignalerImpl
2023-09-13 23:08:59.948 febs [main] INFO  org.quartz.core.QuartzScheduler - Quartz Scheduler v.2.3.0 created.
2023-09-13 23:08:59.951 febs [main] INFO  o.s.s.quartz.LocalDataSourceJobStore - Using db table-based data access locking (synchronization).
2023-09-13 23:08:59.952 febs [main] INFO  o.s.s.quartz.LocalDataSourceJobStore - JobStoreCMT initialized.
2023-09-13 23:08:59.953 febs [main] INFO  org.quartz.core.QuartzScheduler - Scheduler meta-data: Quartz Scheduler (v2.3.0) 'MyScheduler' with instanceId 'WIN-KJDA35RA4FP1694617739940'
  Scheduler class: 'org.quartz.core.QuartzScheduler' - running locally.
  NOT STARTED.
  Currently in standby mode.
  Number of jobs executed: 0
  Using thread pool 'org.quartz.simpl.SimpleThreadPool' - with 20 threads.
  Using job-store 'org.springframework.scheduling.quartz.LocalDataSourceJobStore' - which supports persistence. and is clustered.

2023-09-13 23:08:59.953 febs [main] INFO  org.quartz.impl.StdSchedulerFactory - Quartz scheduler 'MyScheduler' initialized from an externally provided properties instance.
2023-09-13 23:08:59.953 febs [main] INFO  org.quartz.impl.StdSchedulerFactory - Quartz scheduler version: 2.3.0
2023-09-13 23:08:59.954 febs [main] INFO  org.quartz.core.QuartzScheduler - JobFactory set to: org.springframework.scheduling.quartz.AdaptableJobFactory@18b58c77
2023-09-13 23:09:00.005 febs [main] INFO  p6spy - 2023-09-13 23:09:00 | 耗时 13 ms | SQL 语句：
select job_id jobId, bean_name beanName, method_name methodName, params, cron_expression cronExpression, status, remark, create_time createTime from t_job order by job_id;
2023-09-13 23:09:00.399 febs [main] INFO  o.s.s.c.ThreadPoolTaskExecutor - Initializing ExecutorService 'taskExecutor'
2023-09-13 23:09:01.403 febs [main] INFO  o.s.s.c.ThreadPoolTaskScheduler - Initializing ExecutorService 'taskScheduler'
2023-09-13 23:09:01.446 febs [main] INFO  o.s.b.a.e.web.EndpointLinksResolver - Exposing 2 endpoint(s) beneath base path '/actuator'
2023-09-13 23:09:01.510 febs [main] INFO  o.s.s.quartz.SchedulerFactoryBean - Will start Quartz Scheduler [MyScheduler] in 1 seconds
2023-09-13 23:09:01.520 febs [main] INFO  o.a.coyote.http11.Http11NioProtocol - Starting ProtocolHandler ["http-nio-9527"]
2023-09-13 23:09:01.532 febs [main] INFO  o.a.tomcat.util.net.NioSelectorPool - Using a shared selector for servlet write/read
2023-09-13 23:09:01.543 febs [main] INFO  o.s.b.w.e.tomcat.TomcatWebServer - Tomcat started on port(s): 9527 (http) with context path ''
2023-09-13 23:09:01.545 febs [main] INFO  cc.mrbird.febs.FebsApplication - Started FebsApplication in 6.372 seconds (JVM running for 7.547)
2023-09-13 23:09:01.550 febs [scheduling-1] INFO  cc.mrbird.febs.common.task.CacheTask - delete expired user
2023-09-13 23:09:01.555 febs [main] INFO  c.m.f.common.runner.CacheInitRunner - Redis连接中 ······
2023-09-13 23:09:01.556 febs [main] INFO  c.m.f.common.runner.CacheInitRunner - 缓存初始化 ······
2023-09-13 23:09:01.556 febs [main] INFO  c.m.f.common.runner.CacheInitRunner - 缓存用户数据 ······
2023-09-13 23:09:01.584 febs [main] INFO  p6spy - 2023-09-13 23:09:01 | 耗时 3 ms | SQL 语句：
SELECT USER_ID,username,password,dept_id,email,mobile,status,create_time,modify_time,last_login_time,ssex,description,avatar FROM t_user;
2023-09-13 23:09:01.597 febs [main] INFO  p6spy - 2023-09-13 23:09:01 | 耗时 8 ms | SQL 语句：
SELECT u.user_id userId, u.username, u.password, u.email, u.mobile, u. STATUS, u.create_time createTime, u.ssex, d.dept_id deptId, d.dept_name deptName, u.AVATAR, u.DESCRIPTION, u.LAST_LOGIN_TIME lastLoginTime, GROUP_CONCAT(r.role_id) roleId, GROUP_CONCAT(r.ROLE_NAME) roleName FROM t_user u LEFT JOIN t_dept d ON (u.dept_id = d.dept_id) LEFT JOIN t_user_role ur ON (u.user_id = ur.user_id) LEFT JOIN t_role r ON r.role_id = ur.role_id WHERE u.username = 'mrbird' group by u.username, u.user_id, u.password, u.email, u.mobile, u.STATUS, u.create_time, u.ssex, d.dept_id, d.dept_name, u.AVATAR, u.DESCRIPTION, u.LAST_LOGIN_TIME;
2023-09-13 23:09:01.655 febs [main] INFO  p6spy - 2023-09-13 23:09:01 | 耗时 1 ms | SQL 语句：
select r.* from t_role r left join t_user_role ur on (r.role_id = ur.role_id) left join t_user u on (u.user_id = ur.user_id) where u.username = 'mrbird';
2023-09-13 23:09:01.671 febs [main] INFO  p6spy - 2023-09-13 23:09:01 | 耗时 5 ms | SQL 语句：
select distinct m.perms from t_role r left join t_user_role ur on (r.role_id = ur.role_id) left join t_user u on (u.user_id = ur.user_id) left join t_role_menu rm on (rm.role_id = r.role_id) left join t_menu m on (m.menu_id = rm.menu_id) where u.username = 'mrbird' and m.perms is not null and m.perms <> '';
2023-09-13 23:09:01.686 febs [main] INFO  p6spy - 2023-09-13 23:09:01 | 耗时 3 ms | SQL 语句：
SELECT USER_ID,theme,layout,multi_page,fix_siderbar,fix_header,color FROM t_user_config WHERE USER_ID='1' ;
2023-09-13 23:09:01.690 febs [main] INFO  p6spy - 2023-09-13 23:09:01 | 耗时 1 ms | SQL 语句：
SELECT u.user_id userId, u.username, u.password, u.email, u.mobile, u. STATUS, u.create_time createTime, u.ssex, d.dept_id deptId, d.dept_name deptName, u.AVATAR, u.DESCRIPTION, u.LAST_LOGIN_TIME lastLoginTime, GROUP_CONCAT(r.role_id) roleId, GROUP_CONCAT(r.ROLE_NAME) roleName FROM t_user u LEFT JOIN t_dept d ON (u.dept_id = d.dept_id) LEFT JOIN t_user_role ur ON (u.user_id = ur.user_id) LEFT JOIN t_role r ON r.role_id = ur.role_id WHERE u.username = 'scott' group by u.username, u.user_id, u.password, u.email, u.mobile, u.STATUS, u.create_time, u.ssex, d.dept_id, d.dept_name, u.AVATAR, u.DESCRIPTION, u.LAST_LOGIN_TIME;
2023-09-13 23:09:01.693 febs [main] INFO  p6spy - 2023-09-13 23:09:01 | 耗时 0 ms | SQL 语句：
select r.* from t_role r left join t_user_role ur on (r.role_id = ur.role_id) left join t_user u on (u.user_id = ur.user_id) where u.username = 'scott';
2023-09-13 23:09:01.696 febs [main] INFO  p6spy - 2023-09-13 23:09:01 | 耗时 1 ms | SQL 语句：
select distinct m.perms from t_role r left join t_user_role ur on (r.role_id = ur.role_id) left join t_user u on (u.user_id = ur.user_id) left join t_role_menu rm on (rm.role_id = r.role_id) left join t_menu m on (m.menu_id = rm.menu_id) where u.username = 'scott' and m.perms is not null and m.perms <> '';
2023-09-13 23:09:01.698 febs [main] INFO  p6spy - 2023-09-13 23:09:01 | 耗时 0 ms | SQL 语句：
SELECT USER_ID,theme,layout,multi_page,fix_siderbar,fix_header,color FROM t_user_config WHERE USER_ID='2' ;
2023-09-13 23:09:01.701 febs [main] INFO  p6spy - 2023-09-13 23:09:01 | 耗时 0 ms | SQL 语句：
SELECT u.user_id userId, u.username, u.password, u.email, u.mobile, u. STATUS, u.create_time createTime, u.ssex, d.dept_id deptId, d.dept_name deptName, u.AVATAR, u.DESCRIPTION, u.LAST_LOGIN_TIME lastLoginTime, GROUP_CONCAT(r.role_id) roleId, GROUP_CONCAT(r.ROLE_NAME) roleName FROM t_user u LEFT JOIN t_dept d ON (u.dept_id = d.dept_id) LEFT JOIN t_user_role ur ON (u.user_id = ur.user_id) LEFT JOIN t_role r ON r.role_id = ur.role_id WHERE u.username = 'jack' group by u.username, u.user_id, u.password, u.email, u.mobile, u.STATUS, u.create_time, u.ssex, d.dept_id, d.dept_name, u.AVATAR, u.DESCRIPTION, u.LAST_LOGIN_TIME;
2023-09-13 23:09:01.703 febs [main] INFO  p6spy - 2023-09-13 23:09:01 | 耗时 0 ms | SQL 语句：
select r.* from t_role r left join t_user_role ur on (r.role_id = ur.role_id) left join t_user u on (u.user_id = ur.user_id) where u.username = 'jack';
2023-09-13 23:09:01.705 febs [main] INFO  p6spy - 2023-09-13 23:09:01 | 耗时 0 ms | SQL 语句：
select distinct m.perms from t_role r left join t_user_role ur on (r.role_id = ur.role_id) left join t_user u on (u.user_id = ur.user_id) left join t_role_menu rm on (rm.role_id = r.role_id) left join t_menu m on (m.menu_id = rm.menu_id) where u.username = 'jack' and m.perms is not null and m.perms <> '';
2023-09-13 23:09:01.707 febs [main] INFO  p6spy - 2023-09-13 23:09:01 | 耗时 0 ms | SQL 语句：
SELECT USER_ID,theme,layout,multi_page,fix_siderbar,fix_header,color FROM t_user_config WHERE USER_ID='12' ;
2023-09-13 23:09:01.710 febs [main] INFO  p6spy - 2023-09-13 23:09:01 | 耗时 0 ms | SQL 语句：
SELECT u.user_id userId, u.username, u.password, u.email, u.mobile, u. STATUS, u.create_time createTime, u.ssex, d.dept_id deptId, d.dept_name deptName, u.AVATAR, u.DESCRIPTION, u.LAST_LOGIN_TIME lastLoginTime, GROUP_CONCAT(r.role_id) roleId, GROUP_CONCAT(r.ROLE_NAME) roleName FROM t_user u LEFT JOIN t_dept d ON (u.dept_id = d.dept_id) LEFT JOIN t_user_role ur ON (u.user_id = ur.user_id) LEFT JOIN t_role r ON r.role_id = ur.role_id WHERE u.username = 'admin' group by u.username, u.user_id, u.password, u.email, u.mobile, u.STATUS, u.create_time, u.ssex, d.dept_id, d.dept_name, u.AVATAR, u.DESCRIPTION, u.LAST_LOGIN_TIME;
2023-09-13 23:09:01.713 febs [main] INFO  p6spy - 2023-09-13 23:09:01 | 耗时 0 ms | SQL 语句：
select r.* from t_role r left join t_user_role ur on (r.role_id = ur.role_id) left join t_user u on (u.user_id = ur.user_id) where u.username = 'admin';
2023-09-13 23:09:01.715 febs [main] INFO  p6spy - 2023-09-13 23:09:01 | 耗时 0 ms | SQL 语句：
select distinct m.perms from t_role r left join t_user_role ur on (r.role_id = ur.role_id) left join t_user u on (u.user_id = ur.user_id) left join t_role_menu rm on (rm.role_id = r.role_id) left join t_menu m on (m.menu_id = rm.menu_id) where u.username = 'admin' and m.perms is not null and m.perms <> '';
2023-09-13 23:09:01.717 febs [main] INFO  p6spy - 2023-09-13 23:09:01 | 耗时 0 ms | SQL 语句：
SELECT USER_ID,theme,layout,multi_page,fix_siderbar,fix_header,color FROM t_user_config WHERE USER_ID='13' ;
2023-09-13 23:09:01.719 febs [main] INFO  p6spy - 2023-09-13 23:09:01 | 耗时 0 ms | SQL 语句：
SELECT u.user_id userId, u.username, u.password, u.email, u.mobile, u. STATUS, u.create_time createTime, u.ssex, d.dept_id deptId, d.dept_name deptName, u.AVATAR, u.DESCRIPTION, u.LAST_LOGIN_TIME lastLoginTime, GROUP_CONCAT(r.role_id) roleId, GROUP_CONCAT(r.ROLE_NAME) roleName FROM t_user u LEFT JOIN t_dept d ON (u.dept_id = d.dept_id) LEFT JOIN t_user_role ur ON (u.user_id = ur.user_id) LEFT JOIN t_role r ON r.role_id = ur.role_id WHERE u.username = 'caigou' group by u.username, u.user_id, u.password, u.email, u.mobile, u.STATUS, u.create_time, u.ssex, d.dept_id, d.dept_name, u.AVATAR, u.DESCRIPTION, u.LAST_LOGIN_TIME;
2023-09-13 23:09:01.721 febs [main] INFO  p6spy - 2023-09-13 23:09:01 | 耗时 0 ms | SQL 语句：
select r.* from t_role r left join t_user_role ur on (r.role_id = ur.role_id) left join t_user u on (u.user_id = ur.user_id) where u.username = 'caigou';
2023-09-13 23:09:01.723 febs [main] INFO  p6spy - 2023-09-13 23:09:01 | 耗时 0 ms | SQL 语句：
select distinct m.perms from t_role r left join t_user_role ur on (r.role_id = ur.role_id) left join t_user u on (u.user_id = ur.user_id) left join t_role_menu rm on (rm.role_id = r.role_id) left join t_menu m on (m.menu_id = rm.menu_id) where u.username = 'caigou' and m.perms is not null and m.perms <> '';
2023-09-13 23:09:01.724 febs [main] INFO  p6spy - 2023-09-13 23:09:01 | 耗时 0 ms | SQL 语句：
SELECT USER_ID,theme,layout,multi_page,fix_siderbar,fix_header,color FROM t_user_config WHERE USER_ID='14' ;
2023-09-13 23:09:01.724 febs [main] INFO  c.m.f.common.runner.StartedUpRunner -  __    ___   _      ___   _     ____ _____  ____ 
2023-09-13 23:09:01.725 febs [main] INFO  c.m.f.common.runner.StartedUpRunner - / /`  / / \ | |\/| | |_) | |   | |_   | |  | |_  
2023-09-13 23:09:01.725 febs [main] INFO  c.m.f.common.runner.StartedUpRunner - \_\_, \_\_/ |_|  | |_|   |_|__ |_|__  |_|  |_|__ 
2023-09-13 23:09:01.725 febs [main] INFO  c.m.f.common.runner.StartedUpRunner -                                                       
2023-09-13 23:09:01.725 febs [main] INFO  c.m.f.common.runner.StartedUpRunner - FEBS 启动完毕，时间：2023-09-13T23:09:01.725
2023-09-13 23:09:02.246 febs [RMI TCP Connection(2)-192.168.1.3] INFO  o.a.c.c.C.[Tomcat].[localhost].[/] - Initializing Spring DispatcherServlet 'dispatcherServlet'
2023-09-13 23:09:02.246 febs [RMI TCP Connection(2)-192.168.1.3] INFO  o.s.web.servlet.DispatcherServlet - Initializing Servlet 'dispatcherServlet'
2023-09-13 23:09:02.248 febs [RMI TCP Connection(1)-192.168.1.3] INFO  p6spy - 2023-09-13 23:09:02 | 耗时 0 ms | SQL 语句：
/* ping */ SELECT 1;
2023-09-13 23:09:02.257 febs [RMI TCP Connection(2)-192.168.1.3] INFO  o.s.web.servlet.DispatcherServlet - Completed initialization in 11 ms
2023-09-13 23:09:02.520 febs [Quartz Scheduler [MyScheduler]] INFO  o.s.s.quartz.SchedulerFactoryBean - Starting Quartz Scheduler now, after delay of 1 seconds
2023-09-13 23:09:02.530 febs [Quartz Scheduler [MyScheduler]] INFO  o.s.s.quartz.LocalDataSourceJobStore - ClusterManager: detected 1 failed or restarted instances.
2023-09-13 23:09:02.530 febs [Quartz Scheduler [MyScheduler]] INFO  o.s.s.quartz.LocalDataSourceJobStore - ClusterManager: Scanning for instance "WIN-KJDA35RA4FP1694530646615"'s failed in-progress jobs.
2023-09-13 23:09:02.533 febs [Quartz Scheduler [MyScheduler]] INFO  org.quartz.core.QuartzScheduler - Scheduler MyScheduler_$_WIN-KJDA35RA4FP1694617739940 started.
2023-09-13 23:11:16.491 febs [http-nio-9527-exec-6] INFO  c.m.febs.common.aspect.LimitAspect - IP:127.0.0.1 第 1 次访问key为 [limit_login127.0.0.1]，描述为 [登录接口] 的接口
2023-09-13 23:11:16.578 febs [http-nio-9527-exec-6] INFO  p6spy - 2023-09-13 23:11:16 | 耗时 1 ms | SQL 语句：
UPDATE t_user SET last_login_time='2023-09-13T23:11:16.558+0800' WHERE username = 'admin';
2023-09-13 23:11:16.581 febs [http-nio-9527-exec-6] INFO  p6spy - 2023-09-13 23:11:16 | 耗时 1 ms | SQL 语句：
SELECT u.user_id userId, u.username, u.password, u.email, u.mobile, u. STATUS, u.create_time createTime, u.ssex, d.dept_id deptId, d.dept_name deptName, u.AVATAR, u.DESCRIPTION, u.LAST_LOGIN_TIME lastLoginTime, GROUP_CONCAT(r.role_id) roleId, GROUP_CONCAT(r.ROLE_NAME) roleName FROM t_user u LEFT JOIN t_dept d ON (u.dept_id = d.dept_id) LEFT JOIN t_user_role ur ON (u.user_id = ur.user_id) LEFT JOIN t_role r ON r.role_id = ur.role_id WHERE u.username = 'admin' group by u.username, u.user_id, u.password, u.email, u.mobile, u.STATUS, u.create_time, u.ssex, d.dept_id, d.dept_name, u.AVATAR, u.DESCRIPTION, u.LAST_LOGIN_TIME;
2023-09-13 23:11:16.601 febs [http-nio-9527-exec-6] INFO  p6spy - 2023-09-13 23:11:16 | 耗时 6 ms | SQL 语句：
INSERT INTO t_login_log ( username, login_time, location, ip ) VALUES ( 'admin', '2023-09-13T23:11:16.587+0800', '', '127.0.0.1' );
2023-09-13 23:11:16.672 febs [http-nio-9527-exec-8] INFO  c.m.f.common.authentication.JWTUtil - token is valid
2023-09-13 23:11:16.690 febs [http-nio-9527-exec-8] INFO  p6spy - 2023-09-13 23:11:16 | 耗时 1 ms | SQL 语句：
select m.* from t_menu m where m.type <> 1 and m.MENU_ID in (select distinct rm.menu_id from t_role_menu rm left join t_role r on (rm.role_id = r.role_id) left join t_user_role ur on (ur.role_id = r.role_id) left join t_user u on (u.user_id = ur.user_id) where u.username = 'admin') order by m.order_num;
2023-09-13 23:11:16.882 febs [http-nio-9527-exec-1] INFO  c.m.f.common.authentication.JWTUtil - token is valid
2023-09-13 23:11:16.883 febs [http-nio-9527-exec-2] INFO  c.m.f.common.authentication.JWTUtil - token is valid
2023-09-13 23:11:16.897 febs [http-nio-9527-exec-1] INFO  p6spy - 2023-09-13 23:11:16 | 耗时 11 ms | SQL 语句：
select count(1) from t_login_log;
2023-09-13 23:11:16.900 febs [http-nio-9527-exec-1] INFO  p6spy - 2023-09-13 23:11:16 | 耗时 1 ms | SQL 语句：
select count(1) from t_login_log where datediff(login_time,now())=0;
2023-09-13 23:11:16.900 febs [http-nio-9527-exec-2] INFO  p6spy - 2023-09-13 23:11:16 | 耗时 4 ms | SQL 语句：
SELECT ID,title,content,date,images,publisher FROM bulletin_info;
2023-09-13 23:11:16.902 febs [http-nio-9527-exec-1] INFO  p6spy - 2023-09-13 23:11:16 | 耗时 0 ms | SQL 语句：
select count(distinct(ip)) from t_login_log where datediff(login_time,now())=0;
2023-09-13 23:11:16.905 febs [http-nio-9527-exec-1] INFO  p6spy - 2023-09-13 23:11:16 | 耗时 0 ms | SQL 语句：
select date_format(l.login_time, '%m-%d') days, count(1) count from ( select * from t_login_log where date_sub(curdate(), interval 7 day) <= date(login_time) ) as l where 1 = 1 group by days;
2023-09-13 23:11:16.908 febs [http-nio-9527-exec-1] INFO  p6spy - 2023-09-13 23:11:16 | 耗时 1 ms | SQL 语句：
select date_format(l.login_time, '%m-%d') days, count(1) count from ( select * from t_login_log where date_sub(curdate(), interval 7 day) <= date(login_time) ) as l where 1 = 1 and l.username = 'admin' group by days;
2023-09-13 23:11:16.908 febs [http-nio-9527-exec-2] INFO  p6spy - 2023-09-13 23:11:16 | 耗时 6 ms | SQL 语句：
SELECT DATE_FORMAT( spo.days, '%m-%d' ) AS days, IFNULL( SUM(er.amount), 0 ) AS amount FROM ( SELECT DATE_SUB( curdate(), INTERVAL + 0 DAY ) days UNION SELECT DATE_SUB( curdate(), INTERVAL + 1 DAY ) UNION SELECT DATE_SUB( curdate(), INTERVAL + 2 DAY ) UNION SELECT DATE_SUB( curdate(), INTERVAL + 3 DAY ) UNION SELECT DATE_SUB( curdate(), INTERVAL + 4 DAY ) UNION SELECT DATE_SUB( curdate(), INTERVAL + 5 DAY ) UNION SELECT DATE_SUB( curdate(), INTERVAL + 6 DAY )) spo LEFT JOIN stock_info er ON ( DATE_FORMAT( er.create_date, '%Y-%m-%d' ) = DATE_FORMAT( spo.days, '%Y-%m-%d' )) AND er.is_in = 1 GROUP BY days ORDER BY days ASC;
2023-09-13 23:11:16.914 febs [http-nio-9527-exec-2] INFO  p6spy - 2023-09-13 23:11:16 | 耗时 3 ms | SQL 语句：
SELECT IFNULL(sum( si.amount * si.price ),0) AS price, ct.`name` FROM stock_info si LEFT JOIN consumable_type ct ON ( ct.id = si.type_id ) WHERE si.is_in = 1 GROUP BY ct.id;
2023-09-13 23:11:16.916 febs [http-nio-9527-exec-2] INFO  p6spy - 2023-09-13 23:11:16 | 耗时 0 ms | SQL 语句：
SELECT DATE_FORMAT( spo.days, '%m-%d' ) AS days, IFNULL( SUM(er.amount), 0 ) AS amount FROM ( SELECT DATE_SUB( curdate(), INTERVAL + 0 DAY ) days UNION SELECT DATE_SUB( curdate(), INTERVAL + 1 DAY ) UNION SELECT DATE_SUB( curdate(), INTERVAL + 2 DAY ) UNION SELECT DATE_SUB( curdate(), INTERVAL + 3 DAY ) UNION SELECT DATE_SUB( curdate(), INTERVAL + 4 DAY ) UNION SELECT DATE_SUB( curdate(), INTERVAL + 5 DAY ) UNION SELECT DATE_SUB( curdate(), INTERVAL + 6 DAY )) spo LEFT JOIN stock_info er ON ( DATE_FORMAT( er.create_date, '%Y-%m-%d' ) = DATE_FORMAT( spo.days, '%Y-%m-%d' )) AND er.is_in = 2 GROUP BY days ORDER BY days ASC;
2023-09-13 23:11:16.919 febs [http-nio-9527-exec-2] INFO  p6spy - 2023-09-13 23:11:16 | 耗时 0 ms | SQL 语句：
SELECT IFNULL(sum( si.amount * si.price ),0) AS price, ct.`name` FROM stock_info si LEFT JOIN consumable_type ct ON ( ct.id = si.type_id ) WHERE si.is_in = 2 GROUP BY ct.id;
2023-09-13 23:11:16.921 febs [http-nio-9527-exec-2] INFO  p6spy - 2023-09-13 23:11:16 | 耗时 0 ms | SQL 语句：
SELECT * FROM ( SELECT count( 1 ) AS putCount FROM stock_info si WHERE si.is_in = 1 ) AS on1, ( SELECT count( 1 ) AS outCount FROM stock_info si WHERE si.is_in = 2 ) AS on2, ( SELECT IFNULL( SUM( si.amount * si.price ),0) AS price FROM stock_info si WHERE si.is_in = 1 ) AS on3;
2023-09-13 23:11:19.178 febs [http-nio-9527-exec-3] INFO  c.m.f.common.authentication.JWTUtil - token is valid
2023-09-13 23:11:19.227 febs [http-nio-9527-exec-3] INFO  p6spy - 2023-09-13 23:11:19 | 耗时 6 ms | SQL 语句：
SELECT COUNT(1) FROM archives_info WHERE 1 = 1;
2023-09-13 23:20:33.268 febs [http-nio-9527-exec-9] INFO  c.m.f.common.authentication.JWTUtil - token is valid
2023-09-13 23:20:33.330 febs [http-nio-9527-exec-9] INFO  p6spy - 2023-09-13 23:20:33 | 耗时 11 ms | SQL 语句：
INSERT INTO archives_info ( name, sex, birthday, native_address, id_card, images, diploma, mail, phone, create_date ) VALUES ( '孙笑川', '1', '1999-08-12', '日本东京', '10000000000000000', 'SA1694618432092.jpg', '本科', '1258846421@qq.com', '15010399301', '2023-09-13 23:20:33' );
2023-09-13 23:21:48.608 febs [http-nio-9527-exec-2] INFO  c.m.f.common.authentication.JWTUtil - token is valid
2023-09-13 23:21:48.612 febs [http-nio-9527-exec-2] INFO  p6spy - 2023-09-13 23:21:48 | 耗时 1 ms | SQL 语句：
INSERT INTO archives_info ( name, sex, birthday, native_address, id_card, images, diploma, mail, phone, create_date ) VALUES ( '孙笑川', '1', '1999-08-12', '日本东京', '10000000000000000', 'SA1694618432092.jpg', '本科', '1258846421@qq.com', '15010399301', '2023-09-13 23:21:48' );
2023-09-13 23:22:11.783 febs [http-nio-9527-exec-3] INFO  c.m.f.common.authentication.JWTUtil - token is valid
2023-09-13 23:22:11.789 febs [http-nio-9527-exec-3] INFO  p6spy - 2023-09-13 23:22:11 | 耗时 2 ms | SQL 语句：
INSERT INTO archives_info ( name, sex, birthday, native_address, id_card, images, diploma, mail, phone, create_date ) VALUES ( '孙笑川', '1', '1999-08-12', '日本东京', '10000000000000000', 'SA1694618432092.jpg', '本科', '1258846421@qq.com', '15010399301', '2023-09-13 23:22:11' );
2023-09-13 23:22:11.816 febs [http-nio-9527-exec-6] INFO  c.m.f.common.authentication.JWTUtil - token is valid
2023-09-13 23:22:11.822 febs [http-nio-9527-exec-6] INFO  p6spy - 2023-09-13 23:22:11 | 耗时 0 ms | SQL 语句：
SELECT COUNT(1) FROM archives_info WHERE 1 = 1;
2023-09-13 23:22:11.826 febs [http-nio-9527-exec-6] INFO  p6spy - 2023-09-13 23:22:11 | 耗时 0 ms | SQL 语句：
select id, code, name, sex, birthday, native_address, id_card, images, diploma, school_name, address, mail, phone, create_date, del_flag from archives_info where 1 = 1 order by create_date desc LIMIT 0,10;
2023-09-13 23:25:58.517 febs [http-nio-9527-exec-1] INFO  c.m.f.common.authentication.JWTUtil - token is valid
2023-09-13 23:25:58.523 febs [http-nio-9527-exec-1] INFO  p6spy - 2023-09-13 23:25:58 | 耗时 0 ms | SQL 语句：
SELECT COUNT(1) FROM archives_info WHERE 1 = 1;
2023-09-13 23:25:58.524 febs [http-nio-9527-exec-1] INFO  p6spy - 2023-09-13 23:25:58 | 耗时 0 ms | SQL 语句：
select id, code, name, sex, birthday, native_address, id_card, images, diploma, school_name, address, mail, phone, create_date, del_flag from archives_info where 1 = 1 order by create_date desc LIMIT 0,10;
2023-09-13 23:28:34.876 febs [http-nio-9527-exec-3] INFO  c.m.f.common.authentication.JWTUtil - token is valid
2023-09-13 23:28:34.892 febs [http-nio-9527-exec-3] INFO  p6spy - 2023-09-13 23:28:34 | 耗时 12 ms | SQL 语句：
SELECT COUNT(1) FROM archives_info WHERE 1 = 1;
2023-09-13 23:28:34.894 febs [http-nio-9527-exec-3] INFO  p6spy - 2023-09-13 23:28:34 | 耗时 0 ms | SQL 语句：
select id, code, name, sex, birthday, native_address, id_card, images, diploma, school_name, address, mail, phone, create_date, del_flag from archives_info where 1 = 1 order by create_date desc LIMIT 0,10;
2023-09-13 23:29:14.696 febs [http-nio-9527-exec-6] INFO  c.m.f.common.authentication.JWTUtil - token is valid
2023-09-13 23:29:14.700 febs [http-nio-9527-exec-6] INFO  p6spy - 2023-09-13 23:29:14 | 耗时 0 ms | SQL 语句：
SELECT COUNT(1) FROM archives_info WHERE 1 = 1;
2023-09-13 23:29:14.701 febs [http-nio-9527-exec-6] INFO  p6spy - 2023-09-13 23:29:14 | 耗时 0 ms | SQL 语句：
select id, code, name, sex, birthday, native_address, id_card, images, diploma, school_name, address, mail, phone, create_date, del_flag from archives_info where 1 = 1 order by create_date desc LIMIT 0,10;
2023-09-13 23:29:23.707 febs [http-nio-9527-exec-8] INFO  c.m.f.common.authentication.JWTUtil - token is valid
