2023-09-20 21:49:20.725 febs [main] INFO  cc.mrbird.febs.FebsApplication - Starting FebsApplication on WIN-KJDA35RA4FP with PID 12948 (started by Administrator in G:\Project\工地安全预警管理系统的设计与实现\construction_cos\backend)
2023-09-20 21:49:20.729 febs [main] INFO  cc.mrbird.febs.FebsApplication - No active profile set, falling back to default profiles: default
2023-09-20 21:49:21.956 febs [main] INFO  o.s.d.r.c.RepositoryConfigurationDelegate - Multiple Spring Data modules found, entering strict repository configuration mode!
2023-09-20 21:49:21.959 febs [main] INFO  o.s.d.r.c.RepositoryConfigurationDelegate - Bootstrapping Spring Data repositories in DEFAULT mode.
2023-09-20 21:49:22.045 febs [main] INFO  o.s.d.r.c.RepositoryConfigurationDelegate - Finished Spring Data repository scanning in 69ms. Found 0 repository interfaces.
2023-09-20 21:49:22.424 febs [main] INFO  o.s.c.s.PostProcessorRegistrationDelegate$BeanPostProcessorChecker - Bean 'asyncExecutorPoolConfig' of type [cc.mrbird.febs.common.config.AsyncExecutorPoolConfig$$EnhancerBySpringCGLIB$$306e4e77] is not eligible for getting processed by all BeanPostProcessors (for example: not eligible for auto-proxying)
2023-09-20 21:49:22.571 febs [main] INFO  o.s.c.s.PostProcessorRegistrationDelegate$BeanPostProcessorChecker - Bean 'spring.datasource.dynamic-com.baomidou.dynamic.datasource.spring.boot.autoconfigure.DynamicDataSourceProperties' of type [com.baomidou.dynamic.datasource.spring.boot.autoconfigure.DynamicDataSourceProperties] is not eligible for getting processed by all BeanPostProcessors (for example: not eligible for auto-proxying)
2023-09-20 21:49:22.676 febs [main] INFO  o.s.c.s.PostProcessorRegistrationDelegate$BeanPostProcessorChecker - Bean 'com.baomidou.dynamic.datasource.spring.boot.autoconfigure.DynamicDataSourceAutoConfiguration' of type [com.baomidou.dynamic.datasource.spring.boot.autoconfigure.DynamicDataSourceAutoConfiguration$$EnhancerBySpringCGLIB$$abd9a1b] is not eligible for getting processed by all BeanPostProcessors (for example: not eligible for auto-proxying)
2023-09-20 21:49:22.685 febs [main] INFO  o.s.c.s.PostProcessorRegistrationDelegate$BeanPostProcessorChecker - Bean 'dsProcessor' of type [com.baomidou.dynamic.datasource.processor.DsHeaderProcessor] is not eligible for getting processed by all BeanPostProcessors (for example: not eligible for auto-proxying)
2023-09-20 21:49:22.689 febs [main] INFO  o.s.c.s.PostProcessorRegistrationDelegate$BeanPostProcessorChecker - Bean 'dynamicDatasourceAnnotationAdvisor' of type [com.baomidou.dynamic.datasource.aop.DynamicDataSourceAnnotationAdvisor] is not eligible for getting processed by all BeanPostProcessors (for example: not eligible for auto-proxying)
2023-09-20 21:49:22.701 febs [main] INFO  o.s.c.s.PostProcessorRegistrationDelegate$BeanPostProcessorChecker - Bean 'org.springframework.transaction.annotation.ProxyTransactionManagementConfiguration' of type [org.springframework.transaction.annotation.ProxyTransactionManagementConfiguration$$EnhancerBySpringCGLIB$$a12f294a] is not eligible for getting processed by all BeanPostProcessors (for example: not eligible for auto-proxying)
2023-09-20 21:49:22.721 febs [main] INFO  o.s.c.s.PostProcessorRegistrationDelegate$BeanPostProcessorChecker - Bean 'shiroConfig' of type [cc.mrbird.febs.common.authentication.ShiroConfig$$EnhancerBySpringCGLIB$$caf2af3] is not eligible for getting processed by all BeanPostProcessors (for example: not eligible for auto-proxying)
2023-09-20 21:49:23.081 febs [main] INFO  o.s.c.s.PostProcessorRegistrationDelegate$BeanPostProcessorChecker - Bean 'redisConfig' of type [cc.mrbird.febs.common.config.RedisConfig$$EnhancerBySpringCGLIB$$573e247] is not eligible for getting processed by all BeanPostProcessors (for example: not eligible for auto-proxying)
2023-09-20 21:49:23.109 febs [main] INFO  o.s.c.s.PostProcessorRegistrationDelegate$BeanPostProcessorChecker - Bean 'redisPoolFactory' of type [redis.clients.jedis.JedisPool] is not eligible for getting processed by all BeanPostProcessors (for example: not eligible for auto-proxying)
2023-09-20 21:49:23.114 febs [main] INFO  o.s.c.s.PostProcessorRegistrationDelegate$BeanPostProcessorChecker - Bean 'redisService' of type [cc.mrbird.febs.common.service.impl.RedisServiceImpl] is not eligible for getting processed by all BeanPostProcessors (for example: not eligible for auto-proxying)
2023-09-20 21:49:23.232 febs [main] INFO  o.s.c.s.PostProcessorRegistrationDelegate$BeanPostProcessorChecker - Bean 'mybatis-plus-com.baomidou.mybatisplus.autoconfigure.MybatisPlusProperties' of type [com.baomidou.mybatisplus.autoconfigure.MybatisPlusProperties] is not eligible for getting processed by all BeanPostProcessors (for example: not eligible for auto-proxying)
2023-09-20 21:49:23.239 febs [main] INFO  o.s.c.s.PostProcessorRegistrationDelegate$BeanPostProcessorChecker - Bean 'mybatisPlusConfig' of type [cc.mrbird.febs.common.config.MybatisPlusConfig$$EnhancerBySpringCGLIB$$f2b68559] is not eligible for getting processed by all BeanPostProcessors (for example: not eligible for auto-proxying)
2023-09-20 21:49:23.244 febs [main] INFO  o.s.c.s.PostProcessorRegistrationDelegate$BeanPostProcessorChecker - Bean 'paginationInterceptor' of type [com.baomidou.mybatisplus.extension.plugins.PaginationInterceptor] is not eligible for getting processed by all BeanPostProcessors (for example: not eligible for auto-proxying)
2023-09-20 21:49:23.250 febs [main] INFO  o.s.c.s.PostProcessorRegistrationDelegate$BeanPostProcessorChecker - Bean 'com.baomidou.mybatisplus.autoconfigure.MybatisPlusAutoConfiguration' of type [com.baomidou.mybatisplus.autoconfigure.MybatisPlusAutoConfiguration$$EnhancerBySpringCGLIB$$def795e4] is not eligible for getting processed by all BeanPostProcessors (for example: not eligible for auto-proxying)
2023-09-20 21:49:23.259 febs [main] INFO  o.s.c.s.PostProcessorRegistrationDelegate$BeanPostProcessorChecker - Bean 'dynamicDataSourceCreator' of type [com.baomidou.dynamic.datasource.DynamicDataSourceCreator] is not eligible for getting processed by all BeanPostProcessors (for example: not eligible for auto-proxying)
2023-09-20 21:49:23.261 febs [main] INFO  o.s.c.s.PostProcessorRegistrationDelegate$BeanPostProcessorChecker - Bean 'dynamicDataSourceProvider' of type [com.baomidou.dynamic.datasource.provider.YmlDynamicDataSourceProvider] is not eligible for getting processed by all BeanPostProcessors (for example: not eligible for auto-proxying)
2023-09-20 21:49:23.264 febs [main] INFO  c.b.d.d.DynamicRoutingDataSource - 动态数据源-检测到并开启了p6spy
2023-09-20 21:49:23.271 febs [main] INFO  com.zaxxer.hikari.HikariDataSource - primary - Starting...
2023-09-20 21:49:23.528 febs [main] INFO  com.zaxxer.hikari.HikariDataSource - primary - Start completed.
2023-09-20 21:49:23.528 febs [main] INFO  c.b.d.d.DynamicRoutingDataSource - 初始共加载 1 个数据源
2023-09-20 21:49:23.528 febs [main] INFO  c.b.d.d.DynamicRoutingDataSource - 动态数据源-加载 primary 成功
2023-09-20 21:49:23.528 febs [main] INFO  c.b.d.d.DynamicRoutingDataSource - 当前的默认数据源是单数据源，数据源名为 primary
2023-09-20 21:49:23.528 febs [main] INFO  o.s.c.s.PostProcessorRegistrationDelegate$BeanPostProcessorChecker - Bean 'dataSource' of type [com.baomidou.dynamic.datasource.DynamicRoutingDataSource] is not eligible for getting processed by all BeanPostProcessors (for example: not eligible for auto-proxying)
2023-09-20 21:49:23.542 febs [main] INFO  o.s.c.s.PostProcessorRegistrationDelegate$BeanPostProcessorChecker - Bean 'spring.datasource-org.springframework.boot.autoconfigure.jdbc.DataSourceProperties' of type [org.springframework.boot.autoconfigure.jdbc.DataSourceProperties] is not eligible for getting processed by all BeanPostProcessors (for example: not eligible for auto-proxying)
2023-09-20 21:49:23.551 febs [main] INFO  o.s.c.s.PostProcessorRegistrationDelegate$BeanPostProcessorChecker - Bean 'org.springframework.boot.autoconfigure.jdbc.DataSourceInitializerInvoker' of type [org.springframework.boot.autoconfigure.jdbc.DataSourceInitializerInvoker] is not eligible for getting processed by all BeanPostProcessors (for example: not eligible for auto-proxying)
2023-09-20 21:49:24.453 febs [main] INFO  o.s.c.s.PostProcessorRegistrationDelegate$BeanPostProcessorChecker - Bean 'sqlSessionFactory' of type [org.apache.ibatis.session.defaults.DefaultSqlSessionFactory] is not eligible for getting processed by all BeanPostProcessors (for example: not eligible for auto-proxying)
2023-09-20 21:49:24.462 febs [main] INFO  o.s.c.s.PostProcessorRegistrationDelegate$BeanPostProcessorChecker - Bean 'sqlSessionTemplate' of type [org.mybatis.spring.SqlSessionTemplate] is not eligible for getting processed by all BeanPostProcessors (for example: not eligible for auto-proxying)
2023-09-20 21:49:24.466 febs [main] INFO  o.s.c.s.PostProcessorRegistrationDelegate$BeanPostProcessorChecker - Bean 'roleMapper' of type [org.mybatis.spring.mapper.MapperFactoryBean] is not eligible for getting processed by all BeanPostProcessors (for example: not eligible for auto-proxying)
2023-09-20 21:49:24.469 febs [main] INFO  o.s.c.s.PostProcessorRegistrationDelegate$BeanPostProcessorChecker - Bean 'roleMapper' of type [com.sun.proxy.$Proxy108] is not eligible for getting processed by all BeanPostProcessors (for example: not eligible for auto-proxying)
2023-09-20 21:49:24.493 febs [main] INFO  o.s.c.s.PostProcessorRegistrationDelegate$BeanPostProcessorChecker - Bean 'roleMenuMapper' of type [org.mybatis.spring.mapper.MapperFactoryBean] is not eligible for getting processed by all BeanPostProcessors (for example: not eligible for auto-proxying)
2023-09-20 21:49:24.494 febs [main] INFO  o.s.c.s.PostProcessorRegistrationDelegate$BeanPostProcessorChecker - Bean 'roleMenuMapper' of type [com.sun.proxy.$Proxy110] is not eligible for getting processed by all BeanPostProcessors (for example: not eligible for auto-proxying)
2023-09-20 21:49:24.502 febs [main] INFO  o.s.c.s.PostProcessorRegistrationDelegate$BeanPostProcessorChecker - Bean 'userRoleMapper' of type [org.mybatis.spring.mapper.MapperFactoryBean] is not eligible for getting processed by all BeanPostProcessors (for example: not eligible for auto-proxying)
2023-09-20 21:49:24.503 febs [main] INFO  o.s.c.s.PostProcessorRegistrationDelegate$BeanPostProcessorChecker - Bean 'userRoleMapper' of type [com.sun.proxy.$Proxy111] is not eligible for getting processed by all BeanPostProcessors (for example: not eligible for auto-proxying)
2023-09-20 21:49:24.505 febs [main] INFO  o.s.c.s.PostProcessorRegistrationDelegate$BeanPostProcessorChecker - Bean 'userRoleService' of type [cc.mrbird.febs.system.service.impl.UserRoleServiceImpl] is not eligible for getting processed by all BeanPostProcessors (for example: not eligible for auto-proxying)
2023-09-20 21:49:24.555 febs [main] INFO  o.s.c.s.PostProcessorRegistrationDelegate$BeanPostProcessorChecker - Bean 'roleMenuService' of type [cc.mrbird.febs.system.service.impl.RoleMenuServiceImpl] is not eligible for getting processed by all BeanPostProcessors (for example: not eligible for auto-proxying)
2023-09-20 21:49:24.581 febs [main] INFO  o.s.c.s.PostProcessorRegistrationDelegate$BeanPostProcessorChecker - Bean 'roleService' of type [cc.mrbird.febs.system.service.impl.RoleServiceImpl] is not eligible for getting processed by all BeanPostProcessors (for example: not eligible for auto-proxying)
2023-09-20 21:49:24.614 febs [main] INFO  o.s.c.s.PostProcessorRegistrationDelegate$BeanPostProcessorChecker - Bean 'menuMapper' of type [org.mybatis.spring.mapper.MapperFactoryBean] is not eligible for getting processed by all BeanPostProcessors (for example: not eligible for auto-proxying)
2023-09-20 21:49:24.616 febs [main] INFO  o.s.c.s.PostProcessorRegistrationDelegate$BeanPostProcessorChecker - Bean 'menuMapper' of type [com.sun.proxy.$Proxy115] is not eligible for getting processed by all BeanPostProcessors (for example: not eligible for auto-proxying)
2023-09-20 21:49:24.619 febs [main] INFO  o.s.c.s.PostProcessorRegistrationDelegate$BeanPostProcessorChecker - Bean 'menuService' of type [cc.mrbird.febs.system.service.impl.MenuServiceImpl] is not eligible for getting processed by all BeanPostProcessors (for example: not eligible for auto-proxying)
2023-09-20 21:49:24.648 febs [main] INFO  o.s.c.s.PostProcessorRegistrationDelegate$BeanPostProcessorChecker - Bean 'userMapper' of type [org.mybatis.spring.mapper.MapperFactoryBean] is not eligible for getting processed by all BeanPostProcessors (for example: not eligible for auto-proxying)
2023-09-20 21:49:24.650 febs [main] INFO  o.s.c.s.PostProcessorRegistrationDelegate$BeanPostProcessorChecker - Bean 'userMapper' of type [com.sun.proxy.$Proxy117] is not eligible for getting processed by all BeanPostProcessors (for example: not eligible for auto-proxying)
2023-09-20 21:49:24.678 febs [main] INFO  o.s.c.s.PostProcessorRegistrationDelegate$BeanPostProcessorChecker - Bean 'userConfigMapper' of type [org.mybatis.spring.mapper.MapperFactoryBean] is not eligible for getting processed by all BeanPostProcessors (for example: not eligible for auto-proxying)
2023-09-20 21:49:24.679 febs [main] INFO  o.s.c.s.PostProcessorRegistrationDelegate$BeanPostProcessorChecker - Bean 'userConfigMapper' of type [com.sun.proxy.$Proxy118] is not eligible for getting processed by all BeanPostProcessors (for example: not eligible for auto-proxying)
2023-09-20 21:49:24.683 febs [main] INFO  o.s.c.s.PostProcessorRegistrationDelegate$BeanPostProcessorChecker - Bean 'userConfigService' of type [cc.mrbird.febs.system.service.impl.UserConfigServiceImpl] is not eligible for getting processed by all BeanPostProcessors (for example: not eligible for auto-proxying)
2023-09-20 21:49:24.707 febs [main] INFO  o.s.c.s.PostProcessorRegistrationDelegate$BeanPostProcessorChecker - Bean 'userService' of type [cc.mrbird.febs.system.service.impl.UserServiceImpl] is not eligible for getting processed by all BeanPostProcessors (for example: not eligible for auto-proxying)
2023-09-20 21:49:24.732 febs [main] INFO  o.s.c.s.PostProcessorRegistrationDelegate$BeanPostProcessorChecker - Bean 'org.springframework.boot.autoconfigure.jackson.JacksonAutoConfiguration$JacksonObjectMapperConfiguration' of type [org.springframework.boot.autoconfigure.jackson.JacksonAutoConfiguration$JacksonObjectMapperConfiguration$$EnhancerBySpringCGLIB$$fcc2a8db] is not eligible for getting processed by all BeanPostProcessors (for example: not eligible for auto-proxying)
2023-09-20 21:49:24.737 febs [main] INFO  o.s.c.s.PostProcessorRegistrationDelegate$BeanPostProcessorChecker - Bean 'org.springframework.boot.autoconfigure.jackson.JacksonAutoConfiguration$JacksonObjectMapperBuilderConfiguration' of type [org.springframework.boot.autoconfigure.jackson.JacksonAutoConfiguration$JacksonObjectMapperBuilderConfiguration$$EnhancerBySpringCGLIB$$af0f6af4] is not eligible for getting processed by all BeanPostProcessors (for example: not eligible for auto-proxying)
2023-09-20 21:49:24.740 febs [main] INFO  o.s.c.s.PostProcessorRegistrationDelegate$BeanPostProcessorChecker - Bean 'org.springframework.boot.autoconfigure.jackson.JacksonAutoConfiguration$Jackson2ObjectMapperBuilderCustomizerConfiguration' of type [org.springframework.boot.autoconfigure.jackson.JacksonAutoConfiguration$Jackson2ObjectMapperBuilderCustomizerConfiguration$$EnhancerBySpringCGLIB$$6a2650e3] is not eligible for getting processed by all BeanPostProcessors (for example: not eligible for auto-proxying)
2023-09-20 21:49:24.747 febs [main] INFO  o.s.c.s.PostProcessorRegistrationDelegate$BeanPostProcessorChecker - Bean 'spring.jackson-org.springframework.boot.autoconfigure.jackson.JacksonProperties' of type [org.springframework.boot.autoconfigure.jackson.JacksonProperties] is not eligible for getting processed by all BeanPostProcessors (for example: not eligible for auto-proxying)
2023-09-20 21:49:24.751 febs [main] INFO  o.s.c.s.PostProcessorRegistrationDelegate$BeanPostProcessorChecker - Bean 'standardJacksonObjectMapperBuilderCustomizer' of type [org.springframework.boot.autoconfigure.jackson.JacksonAutoConfiguration$Jackson2ObjectMapperBuilderCustomizerConfiguration$StandardJackson2ObjectMapperBuilderCustomizer] is not eligible for getting processed by all BeanPostProcessors (for example: not eligible for auto-proxying)
2023-09-20 21:49:24.756 febs [main] INFO  o.s.c.s.PostProcessorRegistrationDelegate$BeanPostProcessorChecker - Bean 'org.springframework.boot.autoconfigure.jackson.JacksonAutoConfiguration$ParameterNamesModuleConfiguration' of type [org.springframework.boot.autoconfigure.jackson.JacksonAutoConfiguration$ParameterNamesModuleConfiguration$$EnhancerBySpringCGLIB$$90f1c811] is not eligible for getting processed by all BeanPostProcessors (for example: not eligible for auto-proxying)
2023-09-20 21:49:24.764 febs [main] INFO  o.s.c.s.PostProcessorRegistrationDelegate$BeanPostProcessorChecker - Bean 'parameterNamesModule' of type [com.fasterxml.jackson.module.paramnames.ParameterNamesModule] is not eligible for getting processed by all BeanPostProcessors (for example: not eligible for auto-proxying)
2023-09-20 21:49:24.767 febs [main] INFO  o.s.c.s.PostProcessorRegistrationDelegate$BeanPostProcessorChecker - Bean 'org.springframework.boot.autoconfigure.jackson.JacksonAutoConfiguration' of type [org.springframework.boot.autoconfigure.jackson.JacksonAutoConfiguration$$EnhancerBySpringCGLIB$$dece466a] is not eligible for getting processed by all BeanPostProcessors (for example: not eligible for auto-proxying)
2023-09-20 21:49:24.783 febs [main] INFO  o.s.c.s.PostProcessorRegistrationDelegate$BeanPostProcessorChecker - Bean 'jsonComponentModule' of type [org.springframework.boot.jackson.JsonComponentModule] is not eligible for getting processed by all BeanPostProcessors (for example: not eligible for auto-proxying)
2023-09-20 21:49:24.785 febs [main] INFO  o.s.c.s.PostProcessorRegistrationDelegate$BeanPostProcessorChecker - Bean 'org.springframework.data.web.config.SpringDataJacksonConfiguration' of type [org.springframework.data.web.config.SpringDataJacksonConfiguration] is not eligible for getting processed by all BeanPostProcessors (for example: not eligible for auto-proxying)
2023-09-20 21:49:24.789 febs [main] INFO  o.s.c.s.PostProcessorRegistrationDelegate$BeanPostProcessorChecker - Bean 'jacksonGeoModule' of type [org.springframework.data.geo.GeoModule] is not eligible for getting processed by all BeanPostProcessors (for example: not eligible for auto-proxying)
2023-09-20 21:49:24.793 febs [main] INFO  o.s.c.s.PostProcessorRegistrationDelegate$BeanPostProcessorChecker - Bean 'jacksonObjectMapperBuilder' of type [org.springframework.http.converter.json.Jackson2ObjectMapperBuilder] is not eligible for getting processed by all BeanPostProcessors (for example: not eligible for auto-proxying)
2023-09-20 21:49:24.819 febs [main] INFO  o.s.c.s.PostProcessorRegistrationDelegate$BeanPostProcessorChecker - Bean 'jacksonObjectMapper' of type [com.fasterxml.jackson.databind.ObjectMapper] is not eligible for getting processed by all BeanPostProcessors (for example: not eligible for auto-proxying)
2023-09-20 21:49:24.839 febs [main] INFO  o.s.c.s.PostProcessorRegistrationDelegate$BeanPostProcessorChecker - Bean 'cacheService' of type [cc.mrbird.febs.common.service.impl.CacheServiceImpl] is not eligible for getting processed by all BeanPostProcessors (for example: not eligible for auto-proxying)
2023-09-20 21:49:24.845 febs [main] INFO  o.s.c.s.PostProcessorRegistrationDelegate$BeanPostProcessorChecker - Bean 'userManager' of type [cc.mrbird.febs.system.manager.UserManager] is not eligible for getting processed by all BeanPostProcessors (for example: not eligible for auto-proxying)
2023-09-20 21:49:24.845 febs [main] INFO  o.s.c.s.PostProcessorRegistrationDelegate$BeanPostProcessorChecker - Bean 'shiroRealm' of type [cc.mrbird.febs.common.authentication.ShiroRealm] is not eligible for getting processed by all BeanPostProcessors (for example: not eligible for auto-proxying)
2023-09-20 21:49:24.855 febs [main] INFO  o.s.c.s.PostProcessorRegistrationDelegate$BeanPostProcessorChecker - Bean 'securityManager' of type [org.apache.shiro.web.mgt.DefaultWebSecurityManager] is not eligible for getting processed by all BeanPostProcessors (for example: not eligible for auto-proxying)
2023-09-20 21:49:24.871 febs [main] INFO  o.s.c.s.PostProcessorRegistrationDelegate$BeanPostProcessorChecker - Bean 'authorizationAttributeSourceAdvisor' of type [org.apache.shiro.spring.security.interceptor.AuthorizationAttributeSourceAdvisor] is not eligible for getting processed by all BeanPostProcessors (for example: not eligible for auto-proxying)
2023-09-20 21:49:25.284 febs [main] INFO  o.s.b.w.e.tomcat.TomcatWebServer - Tomcat initialized with port(s): 9527 (http)
2023-09-20 21:49:25.297 febs [main] INFO  o.a.coyote.http11.Http11NioProtocol - Initializing ProtocolHandler ["http-nio-9527"]
2023-09-20 21:49:25.303 febs [main] INFO  o.a.catalina.core.StandardService - Starting service [Tomcat]
2023-09-20 21:49:25.303 febs [main] INFO  o.a.catalina.core.StandardEngine - Starting Servlet Engine: Apache Tomcat/9.0.12
2023-09-20 21:49:25.310 febs [main] INFO  o.a.c.core.AprLifecycleListener - The APR based Apache Tomcat Native library which allows optimal performance in production environments was not found on the java.library.path: [C:\Program Files\Java\jdk1.8.0_201\bin;C:\Windows\Sun\Java\bin;C:\Windows\system32;C:\Windows;C:\Program Files (x86)\Common Files\Oracle\Java\javapath;C:\Windows\system32;C:\Windows;C:\Windows\System32\Wbem;C:\Windows\System32\WindowsPowerShell\v1.0\;C:\Windows\System32\OpenSSH\;F:\办公软件\Git\cmd;F:\nodejs\;F:\Yarn\bin\;F:\Bandizip\;C:\Users\Administrator\AppData\Local\Microsoft\WindowsApps;C:\Users\Administrator\AppData\Roaming\npm;C:\Users\Administrator\AppData\Local\Yarn\bin;.]
2023-09-20 21:49:25.461 febs [main] INFO  o.a.c.c.C.[Tomcat].[localhost].[/] - Initializing Spring embedded WebApplicationContext
2023-09-20 21:49:25.461 febs [main] INFO  o.s.web.context.ContextLoader - Root WebApplicationContext: initialization completed in 4684 ms
2023-09-20 21:49:26.172 febs [main] INFO  o.s.b.w.s.FilterRegistrationBean - Mapping filter: 'characterEncodingFilter' to: [/*]
2023-09-20 21:49:26.172 febs [main] INFO  o.s.b.w.s.FilterRegistrationBean - Mapping filter: 'webMvcMetricsFilter' to: [/*]
2023-09-20 21:49:26.172 febs [main] INFO  o.s.b.w.s.FilterRegistrationBean - Mapping filter: 'hiddenHttpMethodFilter' to: [/*]
2023-09-20 21:49:26.172 febs [main] INFO  o.s.b.w.s.FilterRegistrationBean - Mapping filter: 'formContentFilter' to: [/*]
2023-09-20 21:49:26.173 febs [main] INFO  o.s.b.w.s.FilterRegistrationBean - Mapping filter: 'requestContextFilter' to: [/*]
2023-09-20 21:49:26.173 febs [main] INFO  o.s.b.w.s.FilterRegistrationBean - Mapping filter: 'httpTraceFilter' to: [/*]
2023-09-20 21:49:26.173 febs [main] INFO  o.s.b.w.s.FilterRegistrationBean - Mapping filter: 'shiroFilterFactoryBean' to: [/*]
2023-09-20 21:49:26.173 febs [main] INFO  o.s.b.w.s.ServletRegistrationBean - Servlet dispatcherServlet mapped to [/]
2023-09-20 21:49:27.037 febs [main] INFO  org.quartz.impl.StdSchedulerFactory - Using default implementation for ThreadExecutor
2023-09-20 21:49:27.050 febs [main] INFO  o.quartz.core.SchedulerSignalerImpl - Initialized Scheduler Signaller of type: class org.quartz.core.SchedulerSignalerImpl
2023-09-20 21:49:27.050 febs [main] INFO  org.quartz.core.QuartzScheduler - Quartz Scheduler v.2.3.0 created.
2023-09-20 21:49:27.054 febs [main] INFO  o.s.s.quartz.LocalDataSourceJobStore - Using db table-based data access locking (synchronization).
2023-09-20 21:49:27.056 febs [main] INFO  o.s.s.quartz.LocalDataSourceJobStore - JobStoreCMT initialized.
2023-09-20 21:49:27.057 febs [main] INFO  org.quartz.core.QuartzScheduler - Scheduler meta-data: Quartz Scheduler (v2.3.0) 'MyScheduler' with instanceId 'WIN-KJDA35RA4FP1695217767039'
  Scheduler class: 'org.quartz.core.QuartzScheduler' - running locally.
  NOT STARTED.
  Currently in standby mode.
  Number of jobs executed: 0
  Using thread pool 'org.quartz.simpl.SimpleThreadPool' - with 20 threads.
  Using job-store 'org.springframework.scheduling.quartz.LocalDataSourceJobStore' - which supports persistence. and is clustered.

2023-09-20 21:49:27.057 febs [main] INFO  org.quartz.impl.StdSchedulerFactory - Quartz scheduler 'MyScheduler' initialized from an externally provided properties instance.
2023-09-20 21:49:27.057 febs [main] INFO  org.quartz.impl.StdSchedulerFactory - Quartz scheduler version: 2.3.0
2023-09-20 21:49:27.059 febs [main] INFO  org.quartz.core.QuartzScheduler - JobFactory set to: org.springframework.scheduling.quartz.AdaptableJobFactory@ff8e36d
2023-09-20 21:49:27.130 febs [main] INFO  p6spy - 2023-09-20 21:49:27 | 耗时 18 ms | SQL 语句：
select job_id jobId, bean_name beanName, method_name methodName, params, cron_expression cronExpression, status, remark, create_time createTime from t_job order by job_id;
2023-09-20 21:49:27.776 febs [main] INFO  o.s.s.c.ThreadPoolTaskExecutor - Initializing ExecutorService 'taskExecutor'
2023-09-20 21:49:29.302 febs [main] INFO  o.s.s.c.ThreadPoolTaskScheduler - Initializing ExecutorService 'taskScheduler'
2023-09-20 21:49:29.369 febs [main] INFO  o.s.b.a.e.web.EndpointLinksResolver - Exposing 2 endpoint(s) beneath base path '/actuator'
2023-09-20 21:49:29.471 febs [main] INFO  o.s.s.quartz.SchedulerFactoryBean - Will start Quartz Scheduler [MyScheduler] in 1 seconds
2023-09-20 21:49:29.487 febs [main] INFO  o.a.coyote.http11.Http11NioProtocol - Starting ProtocolHandler ["http-nio-9527"]
2023-09-20 21:49:29.498 febs [main] INFO  o.a.tomcat.util.net.NioSelectorPool - Using a shared selector for servlet write/read
2023-09-20 21:49:29.515 febs [main] INFO  o.s.b.w.e.tomcat.TomcatWebServer - Tomcat started on port(s): 9527 (http) with context path ''
2023-09-20 21:49:29.518 febs [main] INFO  cc.mrbird.febs.FebsApplication - Started FebsApplication in 9.419 seconds (JVM running for 11.252)
2023-09-20 21:49:29.529 febs [main] INFO  c.m.f.common.runner.CacheInitRunner - Redis连接中 ······
2023-09-20 21:49:29.561 febs [scheduling-1] INFO  cc.mrbird.febs.common.task.CacheTask - delete expired user
2023-09-20 21:49:29.561 febs [main] INFO  c.m.f.common.runner.CacheInitRunner - 缓存初始化 ······
2023-09-20 21:49:29.561 febs [main] INFO  c.m.f.common.runner.CacheInitRunner - 缓存用户数据 ······
2023-09-20 21:49:29.602 febs [main] INFO  p6spy - 2023-09-20 21:49:29 | 耗时 4 ms | SQL 语句：
SELECT USER_ID,username,password,dept_id,email,mobile,status,create_time,modify_time,last_login_time,ssex,description,avatar FROM t_user;
2023-09-20 21:49:29.618 febs [main] INFO  p6spy - 2023-09-20 21:49:29 | 耗时 11 ms | SQL 语句：
SELECT u.user_id userId, u.username, u.password, u.email, u.mobile, u. STATUS, u.create_time createTime, u.ssex, d.dept_id deptId, d.dept_name deptName, u.AVATAR, u.DESCRIPTION, u.LAST_LOGIN_TIME lastLoginTime, GROUP_CONCAT(r.role_id) roleId, GROUP_CONCAT(r.ROLE_NAME) roleName FROM t_user u LEFT JOIN t_dept d ON (u.dept_id = d.dept_id) LEFT JOIN t_user_role ur ON (u.user_id = ur.user_id) LEFT JOIN t_role r ON r.role_id = ur.role_id WHERE u.username = 'mrbird' group by u.username, u.user_id, u.password, u.email, u.mobile, u.STATUS, u.create_time, u.ssex, d.dept_id, d.dept_name, u.AVATAR, u.DESCRIPTION, u.LAST_LOGIN_TIME;
2023-09-20 21:49:29.691 febs [main] INFO  p6spy - 2023-09-20 21:49:29 | 耗时 1 ms | SQL 语句：
select r.* from t_role r left join t_user_role ur on (r.role_id = ur.role_id) left join t_user u on (u.user_id = ur.user_id) where u.username = 'mrbird';
2023-09-20 21:49:29.708 febs [main] INFO  p6spy - 2023-09-20 21:49:29 | 耗时 5 ms | SQL 语句：
select distinct m.perms from t_role r left join t_user_role ur on (r.role_id = ur.role_id) left join t_user u on (u.user_id = ur.user_id) left join t_role_menu rm on (rm.role_id = r.role_id) left join t_menu m on (m.menu_id = rm.menu_id) where u.username = 'mrbird' and m.perms is not null and m.perms <> '';
2023-09-20 21:49:29.726 febs [main] INFO  p6spy - 2023-09-20 21:49:29 | 耗时 3 ms | SQL 语句：
SELECT USER_ID,theme,layout,multi_page,fix_siderbar,fix_header,color FROM t_user_config WHERE USER_ID='1' ;
2023-09-20 21:49:29.731 febs [main] INFO  p6spy - 2023-09-20 21:49:29 | 耗时 1 ms | SQL 语句：
SELECT u.user_id userId, u.username, u.password, u.email, u.mobile, u. STATUS, u.create_time createTime, u.ssex, d.dept_id deptId, d.dept_name deptName, u.AVATAR, u.DESCRIPTION, u.LAST_LOGIN_TIME lastLoginTime, GROUP_CONCAT(r.role_id) roleId, GROUP_CONCAT(r.ROLE_NAME) roleName FROM t_user u LEFT JOIN t_dept d ON (u.dept_id = d.dept_id) LEFT JOIN t_user_role ur ON (u.user_id = ur.user_id) LEFT JOIN t_role r ON r.role_id = ur.role_id WHERE u.username = 'scott' group by u.username, u.user_id, u.password, u.email, u.mobile, u.STATUS, u.create_time, u.ssex, d.dept_id, d.dept_name, u.AVATAR, u.DESCRIPTION, u.LAST_LOGIN_TIME;
2023-09-20 21:49:29.735 febs [main] INFO  p6spy - 2023-09-20 21:49:29 | 耗时 0 ms | SQL 语句：
select r.* from t_role r left join t_user_role ur on (r.role_id = ur.role_id) left join t_user u on (u.user_id = ur.user_id) where u.username = 'scott';
2023-09-20 21:49:29.738 febs [main] INFO  p6spy - 2023-09-20 21:49:29 | 耗时 1 ms | SQL 语句：
select distinct m.perms from t_role r left join t_user_role ur on (r.role_id = ur.role_id) left join t_user u on (u.user_id = ur.user_id) left join t_role_menu rm on (rm.role_id = r.role_id) left join t_menu m on (m.menu_id = rm.menu_id) where u.username = 'scott' and m.perms is not null and m.perms <> '';
2023-09-20 21:49:29.742 febs [main] INFO  p6spy - 2023-09-20 21:49:29 | 耗时 0 ms | SQL 语句：
SELECT USER_ID,theme,layout,multi_page,fix_siderbar,fix_header,color FROM t_user_config WHERE USER_ID='2' ;
2023-09-20 21:49:29.746 febs [main] INFO  p6spy - 2023-09-20 21:49:29 | 耗时 1 ms | SQL 语句：
SELECT u.user_id userId, u.username, u.password, u.email, u.mobile, u. STATUS, u.create_time createTime, u.ssex, d.dept_id deptId, d.dept_name deptName, u.AVATAR, u.DESCRIPTION, u.LAST_LOGIN_TIME lastLoginTime, GROUP_CONCAT(r.role_id) roleId, GROUP_CONCAT(r.ROLE_NAME) roleName FROM t_user u LEFT JOIN t_dept d ON (u.dept_id = d.dept_id) LEFT JOIN t_user_role ur ON (u.user_id = ur.user_id) LEFT JOIN t_role r ON r.role_id = ur.role_id WHERE u.username = 'jack' group by u.username, u.user_id, u.password, u.email, u.mobile, u.STATUS, u.create_time, u.ssex, d.dept_id, d.dept_name, u.AVATAR, u.DESCRIPTION, u.LAST_LOGIN_TIME;
2023-09-20 21:49:29.749 febs [main] INFO  p6spy - 2023-09-20 21:49:29 | 耗时 0 ms | SQL 语句：
select r.* from t_role r left join t_user_role ur on (r.role_id = ur.role_id) left join t_user u on (u.user_id = ur.user_id) where u.username = 'jack';
2023-09-20 21:49:29.752 febs [main] INFO  p6spy - 2023-09-20 21:49:29 | 耗时 1 ms | SQL 语句：
select distinct m.perms from t_role r left join t_user_role ur on (r.role_id = ur.role_id) left join t_user u on (u.user_id = ur.user_id) left join t_role_menu rm on (rm.role_id = r.role_id) left join t_menu m on (m.menu_id = rm.menu_id) where u.username = 'jack' and m.perms is not null and m.perms <> '';
2023-09-20 21:49:29.756 febs [main] INFO  p6spy - 2023-09-20 21:49:29 | 耗时 0 ms | SQL 语句：
SELECT USER_ID,theme,layout,multi_page,fix_siderbar,fix_header,color FROM t_user_config WHERE USER_ID='12' ;
2023-09-20 21:49:29.760 febs [main] INFO  p6spy - 2023-09-20 21:49:29 | 耗时 1 ms | SQL 语句：
SELECT u.user_id userId, u.username, u.password, u.email, u.mobile, u. STATUS, u.create_time createTime, u.ssex, d.dept_id deptId, d.dept_name deptName, u.AVATAR, u.DESCRIPTION, u.LAST_LOGIN_TIME lastLoginTime, GROUP_CONCAT(r.role_id) roleId, GROUP_CONCAT(r.ROLE_NAME) roleName FROM t_user u LEFT JOIN t_dept d ON (u.dept_id = d.dept_id) LEFT JOIN t_user_role ur ON (u.user_id = ur.user_id) LEFT JOIN t_role r ON r.role_id = ur.role_id WHERE u.username = 'admin' group by u.username, u.user_id, u.password, u.email, u.mobile, u.STATUS, u.create_time, u.ssex, d.dept_id, d.dept_name, u.AVATAR, u.DESCRIPTION, u.LAST_LOGIN_TIME;
2023-09-20 21:49:29.765 febs [main] INFO  p6spy - 2023-09-20 21:49:29 | 耗时 0 ms | SQL 语句：
select r.* from t_role r left join t_user_role ur on (r.role_id = ur.role_id) left join t_user u on (u.user_id = ur.user_id) where u.username = 'admin';
2023-09-20 21:49:29.768 febs [main] INFO  p6spy - 2023-09-20 21:49:29 | 耗时 1 ms | SQL 语句：
select distinct m.perms from t_role r left join t_user_role ur on (r.role_id = ur.role_id) left join t_user u on (u.user_id = ur.user_id) left join t_role_menu rm on (rm.role_id = r.role_id) left join t_menu m on (m.menu_id = rm.menu_id) where u.username = 'admin' and m.perms is not null and m.perms <> '';
2023-09-20 21:49:29.770 febs [main] INFO  p6spy - 2023-09-20 21:49:29 | 耗时 0 ms | SQL 语句：
SELECT USER_ID,theme,layout,multi_page,fix_siderbar,fix_header,color FROM t_user_config WHERE USER_ID='13' ;
2023-09-20 21:49:29.774 febs [main] INFO  p6spy - 2023-09-20 21:49:29 | 耗时 1 ms | SQL 语句：
SELECT u.user_id userId, u.username, u.password, u.email, u.mobile, u. STATUS, u.create_time createTime, u.ssex, d.dept_id deptId, d.dept_name deptName, u.AVATAR, u.DESCRIPTION, u.LAST_LOGIN_TIME lastLoginTime, GROUP_CONCAT(r.role_id) roleId, GROUP_CONCAT(r.ROLE_NAME) roleName FROM t_user u LEFT JOIN t_dept d ON (u.dept_id = d.dept_id) LEFT JOIN t_user_role ur ON (u.user_id = ur.user_id) LEFT JOIN t_role r ON r.role_id = ur.role_id WHERE u.username = 'caigou' group by u.username, u.user_id, u.password, u.email, u.mobile, u.STATUS, u.create_time, u.ssex, d.dept_id, d.dept_name, u.AVATAR, u.DESCRIPTION, u.LAST_LOGIN_TIME;
2023-09-20 21:49:29.778 febs [main] INFO  p6spy - 2023-09-20 21:49:29 | 耗时 0 ms | SQL 语句：
select r.* from t_role r left join t_user_role ur on (r.role_id = ur.role_id) left join t_user u on (u.user_id = ur.user_id) where u.username = 'caigou';
2023-09-20 21:49:29.781 febs [main] INFO  p6spy - 2023-09-20 21:49:29 | 耗时 1 ms | SQL 语句：
select distinct m.perms from t_role r left join t_user_role ur on (r.role_id = ur.role_id) left join t_user u on (u.user_id = ur.user_id) left join t_role_menu rm on (rm.role_id = r.role_id) left join t_menu m on (m.menu_id = rm.menu_id) where u.username = 'caigou' and m.perms is not null and m.perms <> '';
2023-09-20 21:49:29.783 febs [main] INFO  p6spy - 2023-09-20 21:49:29 | 耗时 0 ms | SQL 语句：
SELECT USER_ID,theme,layout,multi_page,fix_siderbar,fix_header,color FROM t_user_config WHERE USER_ID='14' ;
2023-09-20 21:49:29.784 febs [main] INFO  c.m.f.common.runner.StartedUpRunner -  __    ___   _      ___   _     ____ _____  ____ 
2023-09-20 21:49:29.784 febs [main] INFO  c.m.f.common.runner.StartedUpRunner - / /`  / / \ | |\/| | |_) | |   | |_   | |  | |_  
2023-09-20 21:49:29.784 febs [main] INFO  c.m.f.common.runner.StartedUpRunner - \_\_, \_\_/ |_|  | |_|   |_|__ |_|__  |_|  |_|__ 
2023-09-20 21:49:29.784 febs [main] INFO  c.m.f.common.runner.StartedUpRunner -                                                       
2023-09-20 21:49:29.784 febs [main] INFO  c.m.f.common.runner.StartedUpRunner - FEBS 启动完毕，时间：2023-09-20T21:49:29.784
2023-09-20 21:49:30.253 febs [RMI TCP Connection(2)-192.168.1.3] INFO  o.a.c.c.C.[Tomcat].[localhost].[/] - Initializing Spring DispatcherServlet 'dispatcherServlet'
2023-09-20 21:49:30.253 febs [RMI TCP Connection(2)-192.168.1.3] INFO  o.s.web.servlet.DispatcherServlet - Initializing Servlet 'dispatcherServlet'
2023-09-20 21:49:30.254 febs [RMI TCP Connection(1)-192.168.1.3] INFO  p6spy - 2023-09-20 21:49:30 | 耗时 0 ms | SQL 语句：
/* ping */ SELECT 1;
2023-09-20 21:49:30.275 febs [RMI TCP Connection(2)-192.168.1.3] INFO  o.s.web.servlet.DispatcherServlet - Completed initialization in 22 ms
2023-09-20 21:49:30.472 febs [Quartz Scheduler [MyScheduler]] INFO  o.s.s.quartz.SchedulerFactoryBean - Starting Quartz Scheduler now, after delay of 1 seconds
2023-09-20 21:49:30.485 febs [Quartz Scheduler [MyScheduler]] INFO  o.s.s.quartz.LocalDataSourceJobStore - ClusterManager: detected 1 failed or restarted instances.
2023-09-20 21:49:30.485 febs [Quartz Scheduler [MyScheduler]] INFO  o.s.s.quartz.LocalDataSourceJobStore - ClusterManager: Scanning for instance "WIN-KJDA35RA4FP1695049140678"'s failed in-progress jobs.
2023-09-20 21:49:30.490 febs [Quartz Scheduler [MyScheduler]] INFO  org.quartz.core.QuartzScheduler - Scheduler MyScheduler_$_WIN-KJDA35RA4FP1695217767039 started.
2023-09-20 22:01:09.442 febs [http-nio-9527-exec-8] INFO  c.m.febs.common.aspect.LimitAspect - IP:127.0.0.1 第 1 次访问key为 [limit_login127.0.0.1]，描述为 [登录接口] 的接口
2023-09-20 22:01:09.529 febs [http-nio-9527-exec-8] INFO  p6spy - 2023-09-20 22:01:09 | 耗时 3 ms | SQL 语句：
UPDATE t_user SET last_login_time='2023-09-20T22:01:09.508+0800' WHERE username = 'admin';
2023-09-20 22:01:09.531 febs [http-nio-9527-exec-8] INFO  p6spy - 2023-09-20 22:01:09 | 耗时 1 ms | SQL 语句：
SELECT u.user_id userId, u.username, u.password, u.email, u.mobile, u. STATUS, u.create_time createTime, u.ssex, d.dept_id deptId, d.dept_name deptName, u.AVATAR, u.DESCRIPTION, u.LAST_LOGIN_TIME lastLoginTime, GROUP_CONCAT(r.role_id) roleId, GROUP_CONCAT(r.ROLE_NAME) roleName FROM t_user u LEFT JOIN t_dept d ON (u.dept_id = d.dept_id) LEFT JOIN t_user_role ur ON (u.user_id = ur.user_id) LEFT JOIN t_role r ON r.role_id = ur.role_id WHERE u.username = 'admin' group by u.username, u.user_id, u.password, u.email, u.mobile, u.STATUS, u.create_time, u.ssex, d.dept_id, d.dept_name, u.AVATAR, u.DESCRIPTION, u.LAST_LOGIN_TIME;
2023-09-20 22:01:09.552 febs [http-nio-9527-exec-8] INFO  p6spy - 2023-09-20 22:01:09 | 耗时 7 ms | SQL 语句：
INSERT INTO t_login_log ( username, login_time, location, ip ) VALUES ( 'admin', '2023-09-20T22:01:09.538+0800', '', '127.0.0.1' );
2023-09-20 22:01:09.674 febs [http-nio-9527-exec-10] INFO  c.m.f.common.authentication.JWTUtil - token is valid
2023-09-20 22:01:09.702 febs [http-nio-9527-exec-10] INFO  p6spy - 2023-09-20 22:01:09 | 耗时 3 ms | SQL 语句：
select m.* from t_menu m where m.type <> 1 and m.MENU_ID in (select distinct rm.menu_id from t_role_menu rm left join t_role r on (rm.role_id = r.role_id) left join t_user_role ur on (ur.role_id = r.role_id) left join t_user u on (u.user_id = ur.user_id) where u.username = 'admin') order by m.order_num;
2023-09-20 22:01:09.963 febs [http-nio-9527-exec-4] INFO  c.m.f.common.authentication.JWTUtil - token is valid
2023-09-20 22:01:09.963 febs [http-nio-9527-exec-3] INFO  c.m.f.common.authentication.JWTUtil - token is valid
2023-09-20 22:01:09.968 febs [http-nio-9527-exec-3] INFO  p6spy - 2023-09-20 22:01:09 | 耗时 1 ms | SQL 语句：
select count(1) from t_login_log;
2023-09-20 22:01:09.973 febs [http-nio-9527-exec-3] INFO  p6spy - 2023-09-20 22:01:09 | 耗时 2 ms | SQL 语句：
select count(1) from t_login_log where datediff(login_time,now())=0;
2023-09-20 22:01:09.975 febs [http-nio-9527-exec-3] INFO  p6spy - 2023-09-20 22:01:09 | 耗时 0 ms | SQL 语句：
select count(distinct(ip)) from t_login_log where datediff(login_time,now())=0;
2023-09-20 22:01:09.978 febs [http-nio-9527-exec-3] INFO  p6spy - 2023-09-20 22:01:09 | 耗时 1 ms | SQL 语句：
select date_format(l.login_time, '%m-%d') days, count(1) count from ( select * from t_login_log where date_sub(curdate(), interval 7 day) <= date(login_time) ) as l where 1 = 1 group by days;
2023-09-20 22:01:09.979 febs [http-nio-9527-exec-4] INFO  p6spy - 2023-09-20 22:01:09 | 耗时 4 ms | SQL 语句：
SELECT ID,title,content,date,images,publisher FROM bulletin_info;
2023-09-20 22:01:09.980 febs [http-nio-9527-exec-3] INFO  p6spy - 2023-09-20 22:01:09 | 耗时 0 ms | SQL 语句：
select date_format(l.login_time, '%m-%d') days, count(1) count from ( select * from t_login_log where date_sub(curdate(), interval 7 day) <= date(login_time) ) as l where 1 = 1 and l.username = 'admin' group by days;
2023-09-20 22:01:09.986 febs [http-nio-9527-exec-4] INFO  p6spy - 2023-09-20 22:01:09 | 耗时 5 ms | SQL 语句：
SELECT DATE_FORMAT( spo.days, '%m-%d' ) AS days, IFNULL( SUM(er.amount), 0 ) AS amount FROM ( SELECT DATE_SUB( curdate(), INTERVAL + 0 DAY ) days UNION SELECT DATE_SUB( curdate(), INTERVAL + 1 DAY ) UNION SELECT DATE_SUB( curdate(), INTERVAL + 2 DAY ) UNION SELECT DATE_SUB( curdate(), INTERVAL + 3 DAY ) UNION SELECT DATE_SUB( curdate(), INTERVAL + 4 DAY ) UNION SELECT DATE_SUB( curdate(), INTERVAL + 5 DAY ) UNION SELECT DATE_SUB( curdate(), INTERVAL + 6 DAY )) spo LEFT JOIN stock_info er ON ( DATE_FORMAT( er.create_date, '%Y-%m-%d' ) = DATE_FORMAT( spo.days, '%Y-%m-%d' )) AND er.is_in = 1 GROUP BY days ORDER BY days ASC;
2023-09-20 22:01:09.992 febs [http-nio-9527-exec-4] INFO  p6spy - 2023-09-20 22:01:09 | 耗时 3 ms | SQL 语句：
SELECT IFNULL(sum( si.amount * si.price ),0) AS price, ct.`name` FROM stock_info si LEFT JOIN consumable_type ct ON ( ct.id = si.type_id ) WHERE si.is_in = 1 GROUP BY ct.id;
2023-09-20 22:01:09.995 febs [http-nio-9527-exec-4] INFO  p6spy - 2023-09-20 22:01:09 | 耗时 0 ms | SQL 语句：
SELECT DATE_FORMAT( spo.days, '%m-%d' ) AS days, IFNULL( SUM(er.amount), 0 ) AS amount FROM ( SELECT DATE_SUB( curdate(), INTERVAL + 0 DAY ) days UNION SELECT DATE_SUB( curdate(), INTERVAL + 1 DAY ) UNION SELECT DATE_SUB( curdate(), INTERVAL + 2 DAY ) UNION SELECT DATE_SUB( curdate(), INTERVAL + 3 DAY ) UNION SELECT DATE_SUB( curdate(), INTERVAL + 4 DAY ) UNION SELECT DATE_SUB( curdate(), INTERVAL + 5 DAY ) UNION SELECT DATE_SUB( curdate(), INTERVAL + 6 DAY )) spo LEFT JOIN stock_info er ON ( DATE_FORMAT( er.create_date, '%Y-%m-%d' ) = DATE_FORMAT( spo.days, '%Y-%m-%d' )) AND er.is_in = 2 GROUP BY days ORDER BY days ASC;
2023-09-20 22:01:09.997 febs [http-nio-9527-exec-4] INFO  p6spy - 2023-09-20 22:01:09 | 耗时 0 ms | SQL 语句：
SELECT IFNULL(sum( si.amount * si.price ),0) AS price, ct.`name` FROM stock_info si LEFT JOIN consumable_type ct ON ( ct.id = si.type_id ) WHERE si.is_in = 2 GROUP BY ct.id;
2023-09-20 22:01:09.999 febs [http-nio-9527-exec-4] INFO  p6spy - 2023-09-20 22:01:09 | 耗时 0 ms | SQL 语句：
SELECT * FROM ( SELECT count( 1 ) AS putCount FROM stock_info si WHERE si.is_in = 1 ) AS on1, ( SELECT count( 1 ) AS outCount FROM stock_info si WHERE si.is_in = 2 ) AS on2, ( SELECT IFNULL( SUM( si.amount * si.price ),0) AS price FROM stock_info si WHERE si.is_in = 1 ) AS on3;
2023-09-20 22:01:12.862 febs [http-nio-9527-exec-6] INFO  c.m.f.common.authentication.JWTUtil - token is valid
2023-09-20 22:01:12.926 febs [http-nio-9527-exec-6] INFO  p6spy - 2023-09-20 22:01:12 | 耗时 20 ms | SQL 语句：
SELECT COUNT(1) FROM archives_info WHERE 1 = 1;
2023-09-20 22:01:12.930 febs [http-nio-9527-exec-6] INFO  p6spy - 2023-09-20 22:01:12 | 耗时 0 ms | SQL 语句：
select id, code, name, sex, birthday, native_address, id_card, images, diploma, school_name, address, mail, phone, create_date, del_flag from archives_info where 1 = 1 order by create_date desc LIMIT 0,10;
2023-09-20 22:01:22.147 febs [http-nio-9527-exec-9] INFO  c.m.f.common.authentication.JWTUtil - token is valid
2023-09-20 22:04:01.788 febs [http-nio-9527-exec-6] INFO  c.m.f.common.authentication.JWTUtil - token is valid
2023-09-20 22:04:01.788 febs [http-nio-9527-exec-8] INFO  c.m.f.common.authentication.JWTUtil - token is valid
2023-09-20 22:04:01.788 febs [http-nio-9527-exec-7] INFO  c.m.f.common.authentication.JWTUtil - token is valid
2023-09-20 22:04:01.805 febs [http-nio-9527-exec-6] INFO  p6spy - 2023-09-20 22:04:01 | 耗时 8 ms | SQL 语句：
SELECT ID,code,station_name,station_address,longitude,latitude,administrator,images,create_date,del_flag FROM station_info WHERE del_flag = '0';
2023-09-20 22:04:14.218 febs [http-nio-9527-exec-10] INFO  c.m.f.common.authentication.JWTUtil - token is valid
2023-09-20 22:04:16.285 febs [http-nio-9527-exec-2] INFO  c.m.f.common.authentication.JWTUtil - token is valid
2023-09-20 22:04:16.297 febs [http-nio-9527-exec-2] INFO  p6spy - 2023-09-20 22:04:16 | 耗时 7 ms | SQL 语句：
SELECT COUNT(1) FROM archives_info WHERE 1 = 1;
2023-09-20 22:04:16.299 febs [http-nio-9527-exec-2] INFO  p6spy - 2023-09-20 22:04:16 | 耗时 0 ms | SQL 语句：
select id, code, name, sex, birthday, native_address, id_card, images, diploma, school_name, address, mail, phone, create_date, del_flag from archives_info where 1 = 1 order by create_date desc LIMIT 0,10;
2023-09-20 22:04:19.204 febs [http-nio-9527-exec-3] INFO  c.m.f.common.authentication.JWTUtil - token is valid
2023-09-20 22:04:19.209 febs [http-nio-9527-exec-3] INFO  p6spy - 2023-09-20 22:04:19 | 耗时 0 ms | SQL 语句：
SELECT COUNT(1) FROM archives_info WHERE 1 = 1;
2023-09-20 22:04:19.210 febs [http-nio-9527-exec-3] INFO  p6spy - 2023-09-20 22:04:19 | 耗时 0 ms | SQL 语句：
select id, code, name, sex, birthday, native_address, id_card, images, diploma, school_name, address, mail, phone, create_date, del_flag from archives_info where 1 = 1 order by create_date desc LIMIT 0,10;
2023-09-20 22:07:15.964 febs [http-nio-9527-exec-9] INFO  c.m.f.common.authentication.JWTUtil - token is valid
2023-09-20 22:07:18.730 febs [http-nio-9527-exec-1] INFO  c.m.f.common.authentication.JWTUtil - token is valid
2023-09-20 22:07:18.743 febs [http-nio-9527-exec-1] INFO  p6spy - 2023-09-20 22:07:18 | 耗时 10 ms | SQL 语句：
SELECT COUNT(1) FROM archives_info WHERE 1 = 1;
2023-09-20 22:07:18.744 febs [http-nio-9527-exec-1] INFO  p6spy - 2023-09-20 22:07:18 | 耗时 0 ms | SQL 语句：
select id, code, name, sex, birthday, native_address, id_card, images, diploma, school_name, address, mail, phone, create_date, del_flag from archives_info where 1 = 1 order by create_date desc LIMIT 0,10;
2023-09-20 22:07:29.988 febs [http-nio-9527-exec-4] INFO  c.m.f.common.authentication.JWTUtil - token is valid
2023-09-20 22:07:31.702 febs [http-nio-9527-exec-5] INFO  c.m.f.common.authentication.JWTUtil - token is valid
2023-09-20 22:07:31.706 febs [http-nio-9527-exec-5] INFO  p6spy - 2023-09-20 22:07:31 | 耗时 0 ms | SQL 语句：
SELECT COUNT(1) FROM archives_info WHERE 1 = 1;
2023-09-20 22:07:31.707 febs [http-nio-9527-exec-5] INFO  p6spy - 2023-09-20 22:07:31 | 耗时 0 ms | SQL 语句：
select id, code, name, sex, birthday, native_address, id_card, images, diploma, school_name, address, mail, phone, create_date, del_flag from archives_info where 1 = 1 order by create_date desc LIMIT 0,10;
2023-09-20 22:17:14.539 febs [http-nio-9527-exec-6] INFO  c.m.f.common.authentication.JWTUtil - token is valid
2023-09-20 22:17:14.617 febs [http-nio-9527-exec-6] INFO  p6spy - 2023-09-20 22:17:14 | 耗时 74 ms | SQL 语句：
SELECT COUNT(1) FROM archives_info WHERE 1 = 1;
2023-09-20 22:17:14.619 febs [http-nio-9527-exec-6] INFO  p6spy - 2023-09-20 22:17:14 | 耗时 0 ms | SQL 语句：
select id, code, name, sex, birthday, native_address, id_card, images, diploma, school_name, address, mail, phone, create_date, del_flag from archives_info where 1 = 1 order by create_date desc LIMIT 0,10;
2023-09-20 22:17:19.167 febs [http-nio-9527-exec-10] INFO  c.m.f.common.authentication.JWTUtil - token is valid
2023-09-20 22:18:18.020 febs [http-nio-9527-exec-2] INFO  c.m.f.common.authentication.JWTUtil - token is valid
2023-09-20 22:18:18.039 febs [http-nio-9527-exec-2] INFO  p6spy - 2023-09-20 22:18:18 | 耗时 9 ms | SQL 语句：
SELECT COUNT(1) FROM safe_education WHERE 1 = 1;
2023-09-20 22:18:39.587 febs [http-nio-9527-exec-3] INFO  c.m.f.common.authentication.JWTUtil - token is valid
2023-09-20 22:18:39.590 febs [http-nio-9527-exec-3] INFO  p6spy - 2023-09-20 22:18:39 | 耗时 0 ms | SQL 语句：
SELECT COUNT(1) FROM safe_education WHERE 1 = 1;
2023-09-20 22:21:57.925 febs [http-nio-9527-exec-7] INFO  c.m.f.common.authentication.JWTUtil - token is valid
2023-09-20 22:21:57.998 febs [http-nio-9527-exec-7] INFO  p6spy - 2023-09-20 22:21:57 | 耗时 69 ms | SQL 语句：
SELECT COUNT(1) FROM safe_education WHERE 1 = 1;
2023-09-20 22:24:18.154 febs [http-nio-9527-exec-2] INFO  c.m.f.common.authentication.JWTUtil - token is valid
2023-09-20 22:24:18.206 febs [http-nio-9527-exec-2] INFO  p6spy - 2023-09-20 22:24:18 | 耗时 2 ms | SQL 语句：
INSERT INTO safe_education ( title, content, images, meet_room, host_name, time_order, create_date ) VALUES ( '电子烟 赢！', '萨芬大沙发沙发沙发沙发', 'SA1695219857032.jpg', '2-302', '丁真', '2023-08-03 13点~15点', '2023-09-20 22:24:18' );
2023-09-20 22:24:18.228 febs [http-nio-9527-exec-3] INFO  c.m.f.common.authentication.JWTUtil - token is valid
2023-09-20 22:24:18.231 febs [http-nio-9527-exec-3] INFO  p6spy - 2023-09-20 22:24:18 | 耗时 0 ms | SQL 语句：
SELECT COUNT(1) FROM safe_education WHERE 1 = 1;
2023-09-20 22:24:18.232 febs [http-nio-9527-exec-3] INFO  p6spy - 2023-09-20 22:24:18 | 耗时 0 ms | SQL 语句：
select id, title, content, images, meet_room, host_name, time_order, create_date, del_flag from safe_education where 1 = 1 order by create_date desc LIMIT 0,10;
2023-09-20 22:24:42.497 febs [http-nio-9527-exec-7] INFO  c.m.f.common.authentication.JWTUtil - token is valid
2023-09-20 22:24:42.501 febs [http-nio-9527-exec-7] INFO  p6spy - 2023-09-20 22:24:42 | 耗时 0 ms | SQL 语句：
SELECT COUNT(1) FROM safe_education WHERE 1 = 1;
2023-09-20 22:24:42.502 febs [http-nio-9527-exec-7] INFO  p6spy - 2023-09-20 22:24:42 | 耗时 0 ms | SQL 语句：
select id, title, content, images, meet_room, host_name, time_order, create_date, del_flag from safe_education where 1 = 1 order by create_date desc LIMIT 0,10;
2023-09-20 22:25:51.996 febs [http-nio-9527-exec-4] INFO  c.m.f.common.authentication.JWTUtil - token is valid
2023-09-20 22:25:51.999 febs [http-nio-9527-exec-3] INFO  c.m.f.common.authentication.JWTUtil - token is valid
2023-09-20 22:25:51.999 febs [http-nio-9527-exec-5] INFO  c.m.f.common.authentication.JWTUtil - token is valid
2023-09-20 22:25:52.001 febs [http-nio-9527-exec-4] INFO  p6spy - 2023-09-20 22:25:52 | 耗时 1 ms | SQL 语句：
SELECT ID,code,station_name,station_address,longitude,latitude,administrator,images,create_date,del_flag FROM station_info WHERE del_flag = '0';
2023-09-20 22:25:55.034 febs [http-nio-9527-exec-7] INFO  c.m.f.common.authentication.JWTUtil - token is valid
2023-09-20 22:25:55.038 febs [http-nio-9527-exec-7] INFO  p6spy - 2023-09-20 22:25:55 | 耗时 0 ms | SQL 语句：
SELECT COUNT(1) FROM safe_education WHERE 1 = 1;
2023-09-20 22:25:55.039 febs [http-nio-9527-exec-7] INFO  p6spy - 2023-09-20 22:25:55 | 耗时 0 ms | SQL 语句：
select id, title, content, images, meet_room, host_name, time_order, create_date, del_flag from safe_education where 1 = 1 order by create_date desc LIMIT 0,10;
2023-09-20 22:26:00.596 febs [http-nio-9527-exec-10] INFO  c.m.f.common.authentication.JWTUtil - token is valid
2023-09-20 22:26:00.596 febs [http-nio-9527-exec-4] INFO  c.m.f.common.authentication.JWTUtil - token is valid
2023-09-20 22:26:00.596 febs [http-nio-9527-exec-2] INFO  c.m.f.common.authentication.JWTUtil - token is valid
2023-09-20 22:26:00.601 febs [http-nio-9527-exec-4] INFO  p6spy - 2023-09-20 22:26:00 | 耗时 0 ms | SQL 语句：
SELECT ID,code,station_name,station_address,longitude,latitude,administrator,images,create_date,del_flag FROM station_info WHERE del_flag = '0';
2023-09-20 22:26:06.414 febs [http-nio-9527-exec-5] INFO  c.m.f.common.authentication.JWTUtil - token is valid
2023-09-20 22:26:06.425 febs [http-nio-9527-exec-5] INFO  p6spy - 2023-09-20 22:26:06 | 耗时 4 ms | SQL 语句：
SELECT COUNT(1) FROM bulletin_info;
2023-09-20 22:26:55.383 febs [http-nio-9527-exec-7] INFO  c.m.f.common.authentication.JWTUtil - token is valid
2023-09-20 22:26:55.389 febs [http-nio-9527-exec-7] INFO  p6spy - 2023-09-20 22:26:55 | 耗时 2 ms | SQL 语句：
INSERT INTO bulletin_info ( title, content, date, publisher ) VALUES ( '自留地晚报 【9.20】', '在 ON 技术创新峰会上介绍了 Intel 4 制程工艺，相比于上一代工艺实现了两倍的面积微缩，采用简化工艺的 EUV 光刻技术并针对高性能计算应用进行了优化', '2023-09-20 22:26:55', '13' );
2023-09-20 22:26:55.411 febs [http-nio-9527-exec-9] INFO  c.m.f.common.authentication.JWTUtil - token is valid
2023-09-20 22:26:55.414 febs [http-nio-9527-exec-9] INFO  p6spy - 2023-09-20 22:26:55 | 耗时 1 ms | SQL 语句：
SELECT COUNT(1) FROM bulletin_info;
2023-09-20 22:26:55.416 febs [http-nio-9527-exec-9] INFO  p6spy - 2023-09-20 22:26:55 | 耗时 0 ms | SQL 语句：
SELECT ID,title,content,date,images,publisher FROM bulletin_info LIMIT 0,10;
2023-09-20 22:29:04.693 febs [http-nio-9527-exec-3] INFO  c.m.f.common.authentication.JWTUtil - token is valid
2023-09-20 22:29:04.701 febs [http-nio-9527-exec-3] INFO  p6spy - 2023-09-20 22:29:04 | 耗时 5 ms | SQL 语句：
SELECT COUNT(1) FROM bulletin_info;
2023-09-20 22:29:04.703 febs [http-nio-9527-exec-3] INFO  p6spy - 2023-09-20 22:29:04 | 耗时 0 ms | SQL 语句：
SELECT ID,title,content,date,images,publisher FROM bulletin_info LIMIT 0,10;
2023-09-20 22:29:10.834 febs [http-nio-9527-exec-8] INFO  c.m.f.common.authentication.JWTUtil - token is valid
2023-09-20 22:29:10.842 febs [http-nio-9527-exec-8] INFO  p6spy - 2023-09-20 22:29:10 | 耗时 2 ms | SQL 语句：
UPDATE bulletin_info SET title='自留地晚报 【9.20】', content='在 ON 技术创新峰会上介绍了 Intel 4 制程工艺，相比于上一代工艺实现了两倍的面积微缩，采用简化工艺的 EUV 光刻技术并针对高性能计算应用进行了优化', publisher='张三' WHERE ID=1;
2023-09-20 22:29:10.871 febs [http-nio-9527-exec-1] INFO  c.m.f.common.authentication.JWTUtil - token is valid
2023-09-20 22:29:10.876 febs [http-nio-9527-exec-1] INFO  p6spy - 2023-09-20 22:29:10 | 耗时 0 ms | SQL 语句：
SELECT COUNT(1) FROM bulletin_info;
2023-09-20 22:29:10.877 febs [http-nio-9527-exec-1] INFO  p6spy - 2023-09-20 22:29:10 | 耗时 0 ms | SQL 语句：
SELECT ID,title,content,date,images,publisher FROM bulletin_info LIMIT 0,10;
2023-09-20 22:29:14.645 febs [http-nio-9527-exec-10] INFO  c.m.f.common.authentication.JWTUtil - token is valid
2023-09-20 22:29:14.648 febs [http-nio-9527-exec-2] INFO  c.m.f.common.authentication.JWTUtil - token is valid
2023-09-20 22:29:14.676 febs [http-nio-9527-exec-10] INFO  p6spy - 2023-09-20 22:29:14 | 耗时 13 ms | SQL 语句：
SELECT COUNT(1) FROM work_info WHERE 1 = 1;
2023-09-20 22:29:23.397 febs [http-nio-9527-exec-3] INFO  c.m.f.common.authentication.JWTUtil - token is valid
2023-09-20 22:30:17.441 febs [http-nio-9527-exec-7] INFO  c.m.f.common.authentication.JWTUtil - token is valid
2023-09-20 22:31:31.180 febs [http-nio-9527-exec-9] INFO  c.m.f.common.authentication.JWTUtil - token is valid
2023-09-20 22:31:31.187 febs [http-nio-9527-exec-9] INFO  p6spy - 2023-09-20 22:31:31 | 耗时 2 ms | SQL 语句：
SELECT COUNT(1) FROM work_info WHERE 1 = 1;
2023-09-20 22:31:32.956 febs [http-nio-9527-exec-10] INFO  c.m.f.common.authentication.JWTUtil - token is valid
2023-09-20 22:31:32.980 febs [http-nio-9527-exec-10] INFO  p6spy - 2023-09-20 22:31:32 | 耗时 18 ms | SQL 语句：
SELECT COUNT(1) FROM bulletin_info;
2023-09-20 22:31:32.982 febs [http-nio-9527-exec-10] INFO  p6spy - 2023-09-20 22:31:32 | 耗时 0 ms | SQL 语句：
SELECT ID,title,content,date,images,publisher FROM bulletin_info LIMIT 0,10;
2023-09-20 22:31:34.351 febs [http-nio-9527-exec-5] INFO  c.m.f.common.authentication.JWTUtil - token is valid
2023-09-20 22:31:34.352 febs [http-nio-9527-exec-8] INFO  c.m.f.common.authentication.JWTUtil - token is valid
2023-09-20 22:31:34.354 febs [http-nio-9527-exec-5] INFO  p6spy - 2023-09-20 22:31:34 | 耗时 0 ms | SQL 语句：
SELECT COUNT(1) FROM work_info WHERE 1 = 1;
2023-09-20 22:34:13.771 febs [http-nio-9527-exec-9] INFO  c.m.f.common.authentication.JWTUtil - token is valid
2023-09-20 22:34:13.776 febs [http-nio-9527-exec-9] INFO  p6spy - 2023-09-20 22:34:13 | 耗时 1 ms | SQL 语句：
SELECT ID,code,name,sex,birthday,native_address,id_card,images,diploma,school_name,address,mail,phone,create_date,del_flag FROM archives_info WHERE del_flag = '0';
2023-09-20 22:34:20.027 febs [http-nio-9527-exec-10] INFO  c.m.f.common.authentication.JWTUtil - token is valid
2023-09-20 22:34:20.046 febs [http-nio-9527-exec-10] INFO  p6spy - 2023-09-20 22:34:20 | 耗时 14 ms | SQL 语句：
SELECT COUNT(1) FROM work_info WHERE 1 = 1;
2023-09-20 22:34:21.336 febs [http-nio-9527-exec-4] INFO  c.m.f.common.authentication.JWTUtil - token is valid
2023-09-20 22:34:21.339 febs [http-nio-9527-exec-4] INFO  p6spy - 2023-09-20 22:34:21 | 耗时 0 ms | SQL 语句：
SELECT ID,code,name,sex,birthday,native_address,id_card,images,diploma,school_name,address,mail,phone,create_date,del_flag FROM archives_info WHERE del_flag = '0';
2023-09-20 22:35:57.226 febs [http-nio-9527-exec-7] INFO  c.m.f.common.authentication.JWTUtil - token is valid
2023-09-20 22:35:57.233 febs [http-nio-9527-exec-7] INFO  p6spy - 2023-09-20 22:35:57 | 耗时 2 ms | SQL 语句：
INSERT INTO work_info ( work_name, content, principal, create_date ) VALUES ( '渔帆暗涌', '渔帆暗涌 第壹章 DREDGE CHAPTER ONE卖掉你的渔获，升级你的船，挖掘深埋已久的秘密。探索一个神秘的群岛，发现为什么有些事情最好被遗忘', '孙笑川', '2023-09-20 22:35:57' );
2023-09-20 22:35:57.258 febs [http-nio-9527-exec-6] INFO  c.m.f.common.authentication.JWTUtil - token is valid
2023-09-20 22:35:57.262 febs [http-nio-9527-exec-6] INFO  p6spy - 2023-09-20 22:35:57 | 耗时 0 ms | SQL 语句：
SELECT COUNT(1) FROM work_info WHERE 1 = 1;
2023-09-20 22:35:57.263 febs [http-nio-9527-exec-6] INFO  p6spy - 2023-09-20 22:35:57 | 耗时 0 ms | SQL 语句：
select id, code, work_name, content, principal, work_staff, status, create_date, del_flag from work_info where 1 = 1 order by create_date desc LIMIT 0,10;
2023-09-20 22:39:48.065 febs [http-nio-9527-exec-10] INFO  c.m.f.common.authentication.JWTUtil - token is valid
2023-09-20 22:39:48.079 febs [http-nio-9527-exec-10] INFO  p6spy - 2023-09-20 22:39:48 | 耗时 10 ms | SQL 语句：
SELECT COUNT(1) FROM work_info WHERE 1 = 1;
2023-09-20 22:39:48.080 febs [http-nio-9527-exec-10] INFO  p6spy - 2023-09-20 22:39:48 | 耗时 0 ms | SQL 语句：
select id, code, work_name, content, principal, work_staff, status, create_date, del_flag from work_info where 1 = 1 order by create_date desc LIMIT 0,10;
2023-09-20 22:40:15.777 febs [http-nio-9527-exec-8] INFO  c.m.f.common.authentication.JWTUtil - token is valid
2023-09-20 22:40:15.777 febs [http-nio-9527-exec-1] INFO  c.m.f.common.authentication.JWTUtil - token is valid
2023-09-20 22:40:15.778 febs [http-nio-9527-exec-7] INFO  c.m.f.common.authentication.JWTUtil - token is valid
2023-09-20 22:40:15.781 febs [http-nio-9527-exec-8] INFO  p6spy - 2023-09-20 22:40:15 | 耗时 1 ms | SQL 语句：
SELECT ID,code,station_name,station_address,longitude,latitude,administrator,images,create_date,del_flag FROM station_info WHERE del_flag = '0';
2023-09-20 22:40:18.182 febs [http-nio-9527-exec-9] INFO  c.m.f.common.authentication.JWTUtil - token is valid
2023-09-20 22:40:18.183 febs [http-nio-9527-exec-6] INFO  c.m.f.common.authentication.JWTUtil - token is valid
2023-09-20 22:40:18.187 febs [http-nio-9527-exec-9] INFO  p6spy - 2023-09-20 22:40:18 | 耗时 0 ms | SQL 语句：
SELECT ID,code,station_name,station_address,longitude,latitude,administrator,images,create_date,del_flag FROM station_info WHERE del_flag = '0';
2023-09-20 22:40:18.202 febs [http-nio-9527-exec-10] INFO  c.m.f.common.authentication.JWTUtil - token is valid
2023-09-20 22:41:39.133 febs [Thread-22] INFO  org.quartz.core.QuartzScheduler - Scheduler MyScheduler_$_WIN-KJDA35RA4FP1695217767039 paused.
2023-09-20 22:41:39.133 febs [Thread-22] INFO  o.s.s.c.ThreadPoolTaskScheduler - Shutting down ExecutorService 'taskScheduler'
2023-09-20 22:41:39.142 febs [Thread-22] INFO  o.s.s.c.ThreadPoolTaskExecutor - Shutting down ExecutorService 'taskExecutor'
2023-09-20 22:41:39.143 febs [Thread-22] INFO  o.s.s.quartz.SchedulerFactoryBean - Shutting down Quartz Scheduler
2023-09-20 22:41:39.143 febs [Thread-22] INFO  org.quartz.core.QuartzScheduler - Scheduler MyScheduler_$_WIN-KJDA35RA4FP1695217767039 shutting down.
2023-09-20 22:41:39.143 febs [Thread-22] INFO  org.quartz.core.QuartzScheduler - Scheduler MyScheduler_$_WIN-KJDA35RA4FP1695217767039 paused.
2023-09-20 22:41:39.143 febs [Thread-22] INFO  org.quartz.core.QuartzScheduler - Scheduler MyScheduler_$_WIN-KJDA35RA4FP1695217767039 shutdown complete.
2023-09-20 22:41:39.148 febs [Thread-22] INFO  c.b.d.d.DynamicRoutingDataSource - closing dynamicDatasource  ing....
2023-09-20 22:41:39.149 febs [Thread-22] INFO  com.zaxxer.hikari.HikariDataSource - primary - Shutdown initiated...
2023-09-20 22:41:39.152 febs [Thread-22] INFO  com.zaxxer.hikari.HikariDataSource - primary - Shutdown completed.
